99.02.03 17:10 B D:\gifs\app_note.gif <-- scenix.com /usr/local/www/scenix.com/gifs app_note.gif
99.02.03 17:10 B D:\gifs\bg-1.GIF <-- scenix.com /usr/local/www/scenix.com/gifs bg-1.GIF
99.02.03 17:10 B D:\gifs\bg.gif <-- scenix.com /usr/local/www/scenix.com/gifs bg.gif
99.02.03 17:10 B D:\gifs\bg0.GIF <-- scenix.com /usr/local/www/scenix.com/gifs bg0.GIF
99.02.03 17:10 B D:\gifs\bg1.GIF <-- scenix.com /usr/local/www/scenix.com/gifs bg1.GIF
99.02.03 17:10 B D:\gifs\bg2.GIF <-- scenix.com /usr/local/www/scenix.com/gifs bg2.GIF
99.02.03 17:10 B D:\gifs\block_100.gif <-- scenix.com /usr/local/www/scenix.com/gifs block_100.gif
99.02.03 17:10 B D:\gifs\company.gif <-- scenix.com /usr/local/www/scenix.com/gifs company.gif
99.02.03 17:10 B D:\gifs\company1.gif <-- scenix.com /usr/local/www/scenix.com/gifs company1.gif
99.02.03 17:10 B D:\gifs\company2.gif <-- scenix.com /usr/local/www/scenix.com/gifs company2.gif
99.02.03 17:10 B D:\gifs\dot.gif <-- scenix.com /usr/local/www/scenix.com/gifs dot.gif
99.02.03 17:10 B D:\gifs\east.gif <-- scenix.com /usr/local/www/scenix.com/gifs east.gif
99.02.03 17:11 B D:\gifs\ESC_chicago.jpg <-- scenix.com /usr/local/www/scenix.com/gifs ESC_chicago.jpg
99.02.03 17:11 B D:\gifs\feedback.gif <-- scenix.com /usr/local/www/scenix.com/gifs feedback.gif
99.02.03 17:11 B D:\gifs\feedback1.gif <-- scenix.com /usr/local/www/scenix.com/gifs feedback1.gif
99.02.03 17:11 B D:\gifs\feedback2.gif <-- scenix.com /usr/local/www/scenix.com/gifs feedback2.gif
99.02.03 17:11 B D:\gifs\h_sprt.GIF <-- scenix.com /usr/local/www/scenix.com/gifs h_sprt.GIF
99.02.03 17:11 B D:\gifs\home1.gif <-- scenix.com /usr/local/www/scenix.com/gifs home1.gif
99.02.03 17:11 B D:\gifs\home2.gif <-- scenix.com /usr/local/www/scenix.com/gifs home2.gif
99.02.03 17:11 B D:\gifs\img.gif <-- scenix.com /usr/local/www/scenix.com/gifs img.gif
99.02.03 17:11 B D:\gifs\jobs.gif <-- scenix.com /usr/local/www/scenix.com/gifs jobs.gif
99.02.03 17:11 B D:\gifs\jobs1.gif <-- scenix.com /usr/local/www/scenix.com/gifs jobs1.gif
99.02.03 17:11 B D:\gifs\jobs2.gif <-- scenix.com /usr/local/www/scenix.com/gifs jobs2.gif
99.02.03 17:11 B D:\gifs\new.gif <-- scenix.com /usr/local/www/scenix.com/gifs new.gif
99.02.03 17:11 B D:\gifs\news.gif <-- scenix.com /usr/local/www/scenix.com/gifs news.gif
99.02.03 17:11 B D:\gifs\news1.gif <-- scenix.com /usr/local/www/scenix.com/gifs news1.gif
99.02.03 17:11 B D:\gifs\news2.gif <-- scenix.com /usr/local/www/scenix.com/gifs news2.gif
99.02.03 17:11 B D:\gifs\partners.gif <-- scenix.com /usr/local/www/scenix.com/gifs partners.gif
99.02.03 17:11 B D:\gifs\partners1.gif <-- scenix.com /usr/local/www/scenix.com/gifs partners1.gif
99.02.03 17:11 B D:\gifs\partners2.gif <-- scenix.com /usr/local/www/scenix.com/gifs partners2.gif
99.02.03 17:11 B D:\gifs\press.gif <-- scenix.com /usr/local/www/scenix.com/gifs press.gif
99.02.03 17:11 B D:\gifs\products.gif <-- scenix.com /usr/local/www/scenix.com/gifs products.gif
99.02.03 17:11 B D:\gifs\products1.gif <-- scenix.com /usr/local/www/scenix.com/gifs products1.gif
99.02.03 17:11 B D:\gifs\products2.gif <-- scenix.com /usr/local/www/scenix.com/gifs products2.gif
99.02.03 17:11 B D:\gifs\sale.gif <-- scenix.com /usr/local/www/scenix.com/gifs sale.gif
99.02.03 17:11 B D:\gifs\sales.gif <-- scenix.com /usr/local/www/scenix.com/gifs sales.gif
99.02.03 17:11 B D:\gifs\sales1.gif <-- scenix.com /usr/local/www/scenix.com/gifs sales1.gif
99.02.03 17:11 B D:\gifs\sales2.gif <-- scenix.com /usr/local/www/scenix.com/gifs sales2.gif
99.02.03 17:11 B D:\gifs\scenix.gif <-- scenix.com /usr/local/www/scenix.com/gifs scenix.gif
99.02.03 17:11 B D:\gifs\search.gif <-- scenix.com /usr/local/www/scenix.com/gifs search.gif
99.02.03 17:11 B D:\gifs\search1.gif <-- scenix.com /usr/local/www/scenix.com/gifs search1.gif
99.02.03 17:11 B D:\gifs\search2.gif <-- scenix.com /usr/local/www/scenix.com/gifs search2.gif
99.02.03 17:11 B D:\gifs\sitemap.gif <-- scenix.com /usr/local/www/scenix.com/gifs sitemap.gif
99.02.03 17:11 B D:\gifs\sitemap1.gif <-- scenix.com /usr/local/www/scenix.com/gifs sitemap1.gif
99.02.03 17:11 B D:\gifs\sitemap2.gif <-- scenix.com /usr/local/www/scenix.com/gifs sitemap2.gif
99.02.03 17:11 B D:\gifs\support.gif <-- scenix.com /usr/local/www/scenix.com/gifs support.gif
99.02.03 17:11 B D:\gifs\support1.gif <-- scenix.com /usr/local/www/scenix.com/gifs support1.gif
99.02.03 17:11 B D:\gifs\support2.gif <-- scenix.com /usr/local/www/scenix.com/gifs support2.gif
99.02.03 17:11 B D:\gifs\sx100.gif <-- scenix.com /usr/local/www/scenix.com/gifs sx100.gif
99.02.03 17:11 B D:\gifs\sx_prod_brief.gif <-- scenix.com /usr/local/www/scenix.com/gifs sx_prod_brief.gif
99.02.03 17:11 B D:\gifs\sxlogo.gif <-- scenix.com /usr/local/www/scenix.com/gifs sxlogo.gif
99.02.03 17:11 B D:\gifs\thankyou.gif <-- scenix.com /usr/local/www/scenix.com/gifs thankyou.gif
99.02.03 17:11 B D:\gifs\tools.gif <-- scenix.com /usr/local/www/scenix.com/gifs tools.gif
99.02.03 17:11 B D:\gifs\tools1.gif <-- scenix.com /usr/local/www/scenix.com/gifs tools1.gif
99.02.03 17:11 B D:\gifs\tools2.gif <-- scenix.com /usr/local/www/scenix.com/gifs tools2.gif
99.02.03 17:11 B D:\gifs\top.gif <-- scenix.com /usr/local/www/scenix.com/gifs top.gif
99.02.03 17:11 B D:\gifs\virtual.gif <-- scenix.com /usr/local/www/scenix.com/gifs virtual.gif
99.02.03 17:11 B D:\gifs\virtual1.gif <-- scenix.com /usr/local/www/scenix.com/gifs virtual1.gif
99.02.03 17:11 B D:\gifs\virtual2.gif <-- scenix.com /usr/local/www/scenix.com/gifs virtual2.gif
99.02.03 17:11 B D:\gifs\west.gif <-- scenix.com /usr/local/www/scenix.com/gifs west.gif
