99.02.03 17:19 B D:\ews4sxs2\perllib\abbrev.pl <-- scenix.com /usr/local/www/scenix.com/ews4sxs2/perllib abbrev.pl
99.02.03 17:19 B D:\ews4sxs2\perllib\Abbrev.pm <-- scenix.com /usr/local/www/scenix.com/ews4sxs2/perllib Abbrev.pm
99.02.03 17:19 B D:\ews4sxs2\perllib\AddrDb.pm <-- scenix.com /usr/local/www/scenix.com/ews4sxs2/perllib AddrDb.pm
99.02.03 17:19 B D:\ews4sxs2\perllib\afeatures.pl <-- scenix.com /usr/local/www/scenix.com/ews4sxs2/perllib afeatures.pl
99.02.03 17:20 B D:\ews4sxs2\perllib\AnyDBM_File.pm <-- scenix.com /usr/local/www/scenix.com/ews4sxs2/perllib AnyDBM_File.pm
99.02.03 17:20 B D:\ews4sxs2\perllib\architext.pl <-- scenix.com /usr/local/www/scenix.com/ews4sxs2/perllib architext.pl
99.02.03 17:20 B D:\ews4sxs2\perllib\architext_map.pl <-- scenix.com /usr/local/www/scenix.com/ews4sxs2/perllib architext_map.pl
99.02.03 17:20 B D:\ews4sxs2\perllib\architext_query.pl <-- scenix.com /usr/local/www/scenix.com/ews4sxs2/perllib architext_query.pl
99.02.03 17:20 B D:\ews4sxs2\perllib\architextConf.pl <-- scenix.com /usr/local/www/scenix.com/ews4sxs2/perllib architextConf.pl
99.02.03 17:20 B D:\ews4sxs2\perllib\architextNotify.pl <-- scenix.com /usr/local/www/scenix.com/ews4sxs2/perllib architextNotify.pl
99.02.03 17:20 B D:\ews4sxs2\perllib\assert.pl <-- scenix.com /usr/local/www/scenix.com/ews4sxs2/perllib assert.pl
99.02.03 17:20 B D:\ews4sxs2\perllib\AutoLoader.pm <-- scenix.com /usr/local/www/scenix.com/ews4sxs2/perllib AutoLoader.pm
99.02.03 17:20 B D:\ews4sxs2\perllib\AutoSplit.pm <-- scenix.com /usr/local/www/scenix.com/ews4sxs2/perllib AutoSplit.pm
99.02.03 17:20 B D:\ews4sxs2\perllib\Basename.pm <-- scenix.com /usr/local/www/scenix.com/ews4sxs2/perllib Basename.pm
99.02.03 17:20 B D:\ews4sxs2\perllib\Benchmark.pm <-- scenix.com /usr/local/www/scenix.com/ews4sxs2/perllib Benchmark.pm
99.02.03 17:20 B D:\ews4sxs2\perllib\bigfloat.pl <-- scenix.com /usr/local/www/scenix.com/ews4sxs2/perllib bigfloat.pl
99.02.03 17:20 B D:\ews4sxs2\perllib\bigint.pl <-- scenix.com /usr/local/www/scenix.com/ews4sxs2/perllib bigint.pl
99.02.03 17:20 B D:\ews4sxs2\perllib\BigInt.pm <-- scenix.com /usr/local/www/scenix.com/ews4sxs2/perllib BigInt.pm
99.02.03 17:20 B D:\ews4sxs2\perllib\bigrat.pl <-- scenix.com /usr/local/www/scenix.com/ews4sxs2/perllib bigrat.pl
99.02.03 17:20 B D:\ews4sxs2\perllib\cacheout.pl <-- scenix.com /usr/local/www/scenix.com/ews4sxs2/perllib cacheout.pl
99.02.03 17:20 B D:\ews4sxs2\perllib\Cacheout.pm <-- scenix.com /usr/local/www/scenix.com/ews4sxs2/perllib Cacheout.pm
99.02.03 17:20 B D:\ews4sxs2\perllib\Carp.pm <-- scenix.com /usr/local/www/scenix.com/ews4sxs2/perllib Carp.pm
99.02.03 17:20 B D:\ews4sxs2\perllib\chat2.pl <-- scenix.com /usr/local/www/scenix.com/ews4sxs2/perllib chat2.pl
99.02.03 17:20 B D:\ews4sxs2\perllib\Chat2.pm <-- scenix.com /usr/local/www/scenix.com/ews4sxs2/perllib Chat2.pm
99.02.03 17:20 B D:\ews4sxs2\perllib\ChdirEmul.pm <-- scenix.com /usr/local/www/scenix.com/ews4sxs2/perllib ChdirEmul.pm
99.02.03 17:20 B D:\ews4sxs2\perllib\Collate.pm <-- scenix.com /usr/local/www/scenix.com/ews4sxs2/perllib Collate.pm
99.02.03 17:20 B D:\ews4sxs2\perllib\collector.pl <-- scenix.com /usr/local/www/scenix.com/ews4sxs2/perllib collector.pl
99.02.03 17:20 B D:\ews4sxs2\perllib\ComLine.pm <-- scenix.com /usr/local/www/scenix.com/ews4sxs2/perllib ComLine.pm
99.02.03 17:20 B D:\ews4sxs2\perllib\complete.pl <-- scenix.com /usr/local/www/scenix.com/ews4sxs2/perllib complete.pl
99.02.03 17:20 B D:\ews4sxs2\perllib\Complete.pm <-- scenix.com /usr/local/www/scenix.com/ews4sxs2/perllib Complete.pm
99.02.03 17:20 B D:\ews4sxs2\perllib\ctime.pl <-- scenix.com /usr/local/www/scenix.com/ews4sxs2/perllib ctime.pl
99.02.03 17:20 B D:\ews4sxs2\perllib\Cwd.pm <-- scenix.com /usr/local/www/scenix.com/ews4sxs2/perllib Cwd.pm
99.02.03 17:20 B D:\ews4sxs2\perllib\DB_File.pm <-- scenix.com /usr/local/www/scenix.com/ews4sxs2/perllib DB_File.pm
99.02.03 17:20 B D:\ews4sxs2\perllib\dumpvar.pl <-- scenix.com /usr/local/www/scenix.com/ews4sxs2/perllib dumpvar.pl
99.02.03 17:20 B D:\ews4sxs2\perllib\DynaLoader.pm <-- scenix.com /usr/local/www/scenix.com/ews4sxs2/perllib DynaLoader.pm
99.02.03 17:20 B D:\ews4sxs2\perllib\English.pm <-- scenix.com /usr/local/www/scenix.com/ews4sxs2/perllib English.pm
99.02.03 17:20 B D:\ews4sxs2\perllib\Env.pm <-- scenix.com /usr/local/www/scenix.com/ews4sxs2/perllib Env.pm
99.02.03 17:20 B D:\ews4sxs2\perllib\EWScache.pm <-- scenix.com /usr/local/www/scenix.com/ews4sxs2/perllib EWScache.pm
99.02.03 17:20 B D:\ews4sxs2\perllib\EWShtml.pm <-- scenix.com /usr/local/www/scenix.com/ews4sxs2/perllib EWShtml.pm
99.02.03 17:20 B D:\ews4sxs2\perllib\EWShttp.pm <-- scenix.com /usr/local/www/scenix.com/ews4sxs2/perllib EWShttp.pm
99.02.03 17:20 B D:\ews4sxs2\perllib\EWSspConfig.pm <-- scenix.com /usr/local/www/scenix.com/ews4sxs2/perllib EWSspConfig.pm
99.02.03 17:20 B D:\ews4sxs2\perllib\EWSspDomainFilter.pm <-- scenix.com /usr/local/www/scenix.com/ews4sxs2/perllib EWSspDomainFilter.pm
99.02.03 17:20 B D:\ews4sxs2\perllib\EWSspLog.pm <-- scenix.com /usr/local/www/scenix.com/ews4sxs2/perllib EWSspLog.pm
99.02.03 17:20 B D:\ews4sxs2\perllib\EWSspRetryLogic.pm <-- scenix.com /usr/local/www/scenix.com/ews4sxs2/perllib EWSspRetryLogic.pm
99.02.03 17:20 B D:\ews4sxs2\perllib\EWSspUrlFilterFancy.pm <-- scenix.com /usr/local/www/scenix.com/ews4sxs2/perllib EWSspUrlFilterFancy.pm
99.02.03 17:20 B D:\ews4sxs2\perllib\EWStime.pm <-- scenix.com /usr/local/www/scenix.com/ews4sxs2/perllib EWStime.pm
99.02.03 17:20 B D:\ews4sxs2\perllib\exceptions.pl <-- scenix.com /usr/local/www/scenix.com/ews4sxs2/perllib exceptions.pl
99.02.03 17:20 B D:\ews4sxs2\perllib\Exporter.pm <-- scenix.com /usr/local/www/scenix.com/ews4sxs2/perllib Exporter.pm
99.02.03 17:20 B D:\ews4sxs2\perllib\fastcwd.pl <-- scenix.com /usr/local/www/scenix.com/ews4sxs2/perllib fastcwd.pl
99.02.03 17:20 B D:\ews4sxs2\perllib\Fastcwd.pm <-- scenix.com /usr/local/www/scenix.com/ews4sxs2/perllib Fastcwd.pm
99.02.03 17:20 B D:\ews4sxs2\perllib\Fcntl.pm <-- scenix.com /usr/local/www/scenix.com/ews4sxs2/perllib Fcntl.pm
99.02.03 17:20 B D:\ews4sxs2\perllib\FileHandle.pm <-- scenix.com /usr/local/www/scenix.com/ews4sxs2/perllib FileHandle.pm
99.02.03 17:20 B D:\ews4sxs2\perllib\find.pl <-- scenix.com /usr/local/www/scenix.com/ews4sxs2/perllib find.pl
99.02.03 17:20 B D:\ews4sxs2\perllib\Find.pm <-- scenix.com /usr/local/www/scenix.com/ews4sxs2/perllib Find.pm
99.02.03 17:20 B D:\ews4sxs2\perllib\finddepth.pl <-- scenix.com /usr/local/www/scenix.com/ews4sxs2/perllib finddepth.pl
99.02.03 17:20 B D:\ews4sxs2\perllib\Finddepth.pm <-- scenix.com /usr/local/www/scenix.com/ews4sxs2/perllib Finddepth.pm
99.02.03 17:20 B D:\ews4sxs2\perllib\flush.pl <-- scenix.com /usr/local/www/scenix.com/ews4sxs2/perllib flush.pl
99.02.03 17:20 B D:\ews4sxs2\perllib\GDBM_File.pm <-- scenix.com /usr/local/www/scenix.com/ews4sxs2/perllib GDBM_File.pm
99.02.03 17:20 B D:\ews4sxs2\perllib\getcwd.pl <-- scenix.com /usr/local/www/scenix.com/ews4sxs2/perllib getcwd.pl
99.02.03 17:20 B D:\ews4sxs2\perllib\Getcwd.pm <-- scenix.com /usr/local/www/scenix.com/ews4sxs2/perllib Getcwd.pm
99.02.03 17:20 B D:\ews4sxs2\perllib\GetDate.pm <-- scenix.com /usr/local/www/scenix.com/ews4sxs2/perllib GetDate.pm
99.02.03 17:20 B D:\ews4sxs2\perllib\getopt.pl <-- scenix.com /usr/local/www/scenix.com/ews4sxs2/perllib getopt.pl
99.02.03 17:20 B D:\ews4sxs2\perllib\Getopt.pm <-- scenix.com /usr/local/www/scenix.com/ews4sxs2/perllib Getopt.pm
99.02.03 17:20 B D:\ews4sxs2\perllib\getopts.pl <-- scenix.com /usr/local/www/scenix.com/ews4sxs2/perllib getopts.pl
99.02.03 17:20 B D:\ews4sxs2\perllib\Getopts.pm <-- scenix.com /usr/local/www/scenix.com/ews4sxs2/perllib Getopts.pm
99.02.03 17:20 B D:\ews4sxs2\perllib\Hostname.pm <-- scenix.com /usr/local/www/scenix.com/ews4sxs2/perllib Hostname.pm
99.02.03 17:20 B D:\ews4sxs2\perllib\importenv.pl <-- scenix.com /usr/local/www/scenix.com/ews4sxs2/perllib importenv.pl
99.02.03 17:20 B D:\ews4sxs2\perllib\integer.pm <-- scenix.com /usr/local/www/scenix.com/ews4sxs2/perllib integer.pm
99.02.03 17:20 B D:\ews4sxs2\perllib\less.pm <-- scenix.com /usr/local/www/scenix.com/ews4sxs2/perllib less.pm
99.02.03 17:20 B D:\ews4sxs2\perllib\lib.pm <-- scenix.com /usr/local/www/scenix.com/ews4sxs2/perllib lib.pm
99.02.03 17:20 B D:\ews4sxs2\perllib\look.pl <-- scenix.com /usr/local/www/scenix.com/ews4sxs2/perllib look.pl
99.02.03 17:20 B D:\ews4sxs2\perllib\Look.pm <-- scenix.com /usr/local/www/scenix.com/ews4sxs2/perllib Look.pm
99.02.03 17:20 B D:\ews4sxs2\perllib\MD5.pm <-- scenix.com /usr/local/www/scenix.com/ews4sxs2/perllib MD5.pm
99.02.03 17:20 B D:\ews4sxs2\perllib\NDBM_File.pm <-- scenix.com /usr/local/www/scenix.com/ews4sxs2/perllib NDBM_File.pm
99.02.03 17:20 B D:\ews4sxs2\perllib\newgetopt.pl <-- scenix.com /usr/local/www/scenix.com/ews4sxs2/perllib newgetopt.pl
99.02.03 17:20 B D:\ews4sxs2\perllib\NGetOpt.pm <-- scenix.com /usr/local/www/scenix.com/ews4sxs2/perllib NGetOpt.pm
99.02.03 17:20 B D:\ews4sxs2\perllib\ODBM_File.pm <-- scenix.com /usr/local/www/scenix.com/ews4sxs2/perllib ODBM_File.pm
99.02.03 17:20 B D:\ews4sxs2\perllib\open2.pl <-- scenix.com /usr/local/www/scenix.com/ews4sxs2/perllib open2.pl
99.02.03 17:20 B D:\ews4sxs2\perllib\Open2.pm <-- scenix.com /usr/local/www/scenix.com/ews4sxs2/perllib Open2.pm
99.02.03 17:20 B D:\ews4sxs2\perllib\open3.pl <-- scenix.com /usr/local/www/scenix.com/ews4sxs2/perllib open3.pl
99.02.03 17:20 B D:\ews4sxs2\perllib\Open3.pm <-- scenix.com /usr/local/www/scenix.com/ews4sxs2/perllib Open3.pm
99.02.03 17:20 B D:\ews4sxs2\perllib\Opt.pm <-- scenix.com /usr/local/www/scenix.com/ews4sxs2/perllib Opt.pm
99.02.03 17:20 B D:\ews4sxs2\perllib\os_functions.pl <-- scenix.com /usr/local/www/scenix.com/ews4sxs2/perllib os_functions.pl
99.02.03 17:20 B D:\ews4sxs2\perllib\ParseWords.pm <-- scenix.com /usr/local/www/scenix.com/ews4sxs2/perllib ParseWords.pm
99.02.03 17:20 B D:\ews4sxs2\perllib\perldb.pl <-- scenix.com /usr/local/www/scenix.com/ews4sxs2/perllib perldb.pl
99.02.03 17:20 B D:\ews4sxs2\perllib\Ping.pm <-- scenix.com /usr/local/www/scenix.com/ews4sxs2/perllib Ping.pm
99.02.03 17:20 B D:\ews4sxs2\perllib\POSIX.pm <-- scenix.com /usr/local/www/scenix.com/ews4sxs2/perllib POSIX.pm
99.02.03 17:20 B D:\ews4sxs2\perllib\pwd.pl <-- scenix.com /usr/local/www/scenix.com/ews4sxs2/perllib pwd.pl
99.02.03 17:20 B D:\ews4sxs2\perllib\SDBM_File.pm <-- scenix.com /usr/local/www/scenix.com/ews4sxs2/perllib SDBM_File.pm
99.02.03 17:20 B D:\ews4sxs2\perllib\Shell.pm <-- scenix.com /usr/local/www/scenix.com/ews4sxs2/perllib Shell.pm
99.02.03 17:20 B D:\ews4sxs2\perllib\shellwords.pl <-- scenix.com /usr/local/www/scenix.com/ews4sxs2/perllib shellwords.pl
99.02.03 17:20 B D:\ews4sxs2\perllib\sigtrap.pm <-- scenix.com /usr/local/www/scenix.com/ews4sxs2/perllib sigtrap.pm
99.02.03 17:20 B D:\ews4sxs2\perllib\Socket.pm <-- scenix.com /usr/local/www/scenix.com/ews4sxs2/perllib Socket.pm
99.02.03 17:20 B D:\ews4sxs2\perllib\Soundex.pm <-- scenix.com /usr/local/www/scenix.com/ews4sxs2/perllib Soundex.pm
99.02.03 17:20 B D:\ews4sxs2\perllib\stat.pl <-- scenix.com /usr/local/www/scenix.com/ews4sxs2/perllib stat.pl
99.02.03 17:20 B D:\ews4sxs2\perllib\strict.pm <-- scenix.com /usr/local/www/scenix.com/ews4sxs2/perllib strict.pm
99.02.03 17:20 B D:\ews4sxs2\perllib\subs.pm <-- scenix.com /usr/local/www/scenix.com/ews4sxs2/perllib subs.pm
99.02.03 17:20 B D:\ews4sxs2\perllib\SubstrHash.pm <-- scenix.com /usr/local/www/scenix.com/ews4sxs2/perllib SubstrHash.pm
99.02.03 17:20 B D:\ews4sxs2\perllib\syslog.pl <-- scenix.com /usr/local/www/scenix.com/ews4sxs2/perllib syslog.pl
99.02.03 17:20 B D:\ews4sxs2\perllib\Syslog.pm <-- scenix.com /usr/local/www/scenix.com/ews4sxs2/perllib Syslog.pm
99.02.03 17:20 B D:\ews4sxs2\perllib\termcap.pl <-- scenix.com /usr/local/www/scenix.com/ews4sxs2/perllib termcap.pl
99.02.03 17:20 B D:\ews4sxs2\perllib\Termcap.pm <-- scenix.com /usr/local/www/scenix.com/ews4sxs2/perllib Termcap.pm
99.02.03 17:20 B D:\ews4sxs2\perllib\TestHarness.pm <-- scenix.com /usr/local/www/scenix.com/ews4sxs2/perllib TestHarness.pm
99.02.03 17:20 B D:\ews4sxs2\perllib\TieHash.pm <-- scenix.com /usr/local/www/scenix.com/ews4sxs2/perllib TieHash.pm
99.02.03 17:20 B D:\ews4sxs2\perllib\timelocal.pl <-- scenix.com /usr/local/www/scenix.com/ews4sxs2/perllib timelocal.pl
99.02.03 17:20 B D:\ews4sxs2\perllib\Timelocal.pm <-- scenix.com /usr/local/www/scenix.com/ews4sxs2/perllib Timelocal.pm
99.02.03 17:20 B D:\ews4sxs2\perllib\validate.pl <-- scenix.com /usr/local/www/scenix.com/ews4sxs2/perllib validate.pl
99.02.03 17:20 B D:\ews4sxs2\perllib\Validate.pm <-- scenix.com /usr/local/www/scenix.com/ews4sxs2/perllib Validate.pm
