99.02.03 17:21 B D:\ews4sxs2\aindex.pl <-- scenix.com /usr/local/www/scenix.com/ews4sxs2 aindex.pl
99.02.03 17:21 B D:\ews4sxs2\aquery.pl <-- scenix.com /usr/local/www/scenix.com/ews4sxs2 aquery.pl
99.02.03 17:21 B D:\ews4sxs2\Architext.conf <-- scenix.com /usr/local/www/scenix.com/ews4sxs2 Architext.conf
99.02.03 17:21 B D:\ews4sxs2\architextify-html <-- scenix.com /usr/local/www/scenix.com/ews4sxs2 architextify-html
99.02.03 17:22 B D:\ews4sxs2\architextIndex <-- scenix.com /usr/local/www/scenix.com/ews4sxs2 architextIndex
99.02.03 17:22 B D:\ews4sxs2\architextSearch <-- scenix.com /usr/local/www/scenix.com/ews4sxs2 architextSearch
99.02.03 17:22 B D:\ews4sxs2\AT-about.html <-- scenix.com /usr/local/www/scenix.com/ews4sxs2 AT-about.html
99.02.03 17:22 B D:\ews4sxs2\AT-ad.html <-- scenix.com /usr/local/www/scenix.com/ews4sxs2 AT-ad.html
99.02.03 17:22 B D:\ews4sxs2\AT-ad2.html <-- scenix.com /usr/local/www/scenix.com/ews4sxs2 AT-ad2.html
99.02.03 17:22 B D:\ews4sxs2\AT-admin.cgi <-- scenix.com /usr/local/www/scenix.com/ews4sxs2 AT-admin.cgi
99.02.03 17:22 B D:\ews4sxs2\AT-admininfo.html <-- scenix.com /usr/local/www/scenix.com/ews4sxs2 AT-admininfo.html
99.02.03 17:22 B D:\ews4sxs2\AT-automate.html <-- scenix.com /usr/local/www/scenix.com/ews4sxs2 AT-automate.html
99.02.03 17:23 B D:\ews4sxs2\AT-config.cgi <-- scenix.com /usr/local/www/scenix.com/ews4sxs2 AT-config.cgi
99.02.03 17:23 B D:\ews4sxs2\AT-decline.html <-- scenix.com /usr/local/www/scenix.com/ews4sxs2 AT-decline.html
99.02.03 17:23 B D:\ews4sxs2\AT-feedback.html <-- scenix.com /usr/local/www/scenix.com/ews4sxs2 AT-feedback.html
99.02.03 17:23 B D:\ews4sxs2\AT-fetch.cgi <-- scenix.com /usr/local/www/scenix.com/ews4sxs2 AT-fetch.cgi
99.02.03 17:23 B D:\ews4sxs2\AT-generate.cgi <-- scenix.com /usr/local/www/scenix.com/ews4sxs2 AT-generate.cgi
99.02.03 17:23 B D:\ews4sxs2\AT-help.html <-- scenix.com /usr/local/www/scenix.com/ews4sxs2 AT-help.html
99.02.03 17:23 B D:\ews4sxs2\AT-helpdoc.html <-- scenix.com /usr/local/www/scenix.com/ews4sxs2 AT-helpdoc.html
99.02.03 17:23 B D:\ews4sxs2\AT-helpdoc1.html <-- scenix.com /usr/local/www/scenix.com/ews4sxs2 AT-helpdoc1.html
99.02.03 17:23 B D:\ews4sxs2\AT-helpdoc2.html <-- scenix.com /usr/local/www/scenix.com/ews4sxs2 AT-helpdoc2.html
99.02.03 17:23 B D:\ews4sxs2\AT-helpdoc3.html <-- scenix.com /usr/local/www/scenix.com/ews4sxs2 AT-helpdoc3.html
99.02.03 17:24 B D:\ews4sxs2\AT-index.cgi <-- scenix.com /usr/local/www/scenix.com/ews4sxs2 AT-index.cgi
99.02.03 17:24 B D:\ews4sxs2\AT-license.html <-- scenix.com /usr/local/www/scenix.com/ews4sxs2 AT-license.html
99.02.03 17:24 B D:\ews4sxs2\AT-lsbuild.cgi <-- scenix.com /usr/local/www/scenix.com/ews4sxs2 AT-lsbuild.cgi
99.02.03 17:25 B D:\ews4sxs2\AT-manualquery.html <-- scenix.com /usr/local/www/scenix.com/ews4sxs2 AT-manualquery.html
99.02.03 17:25 B D:\ews4sxs2\AT-manualsearch.cgi <-- scenix.com /usr/local/www/scenix.com/ews4sxs2 AT-manualsearch.cgi
99.02.03 17:25 B D:\ews4sxs2\AT-query.html <-- scenix.com /usr/local/www/scenix.com/ews4sxs2 AT-query.html
99.02.03 17:25 B D:\ews4sxs2\AT-queryhelp.html <-- scenix.com /usr/local/www/scenix.com/ews4sxs2 AT-queryhelp.html
99.02.03 17:25 B D:\ews4sxs2\AT-release.html <-- scenix.com /usr/local/www/scenix.com/ews4sxs2 AT-release.html
99.02.03 17:26 B D:\ews4sxs2\AT-spider.cgi <-- scenix.com /usr/local/www/scenix.com/ews4sxs2 AT-spider.cgi
99.02.03 17:26 B D:\ews4sxs2\AT-spider_general.html <-- scenix.com /usr/local/www/scenix.com/ews4sxs2 AT-spider_general.html
99.02.03 17:26 B D:\ews4sxs2\AT-spider_list.html <-- scenix.com /usr/local/www/scenix.com/ews4sxs2 AT-spider_list.html
99.02.03 17:26 B D:\ews4sxs2\AT-spider_main.html <-- scenix.com /usr/local/www/scenix.com/ews4sxs2 AT-spider_main.html
99.02.03 17:26 B D:\ews4sxs2\AT-spider_new.html <-- scenix.com /usr/local/www/scenix.com/ews4sxs2 AT-spider_new.html
99.02.03 17:26 B D:\ews4sxs2\AT-spider_site.html <-- scenix.com /usr/local/www/scenix.com/ews4sxs2 AT-spider_site.html
99.02.03 17:26 B D:\ews4sxs2\AT-start.html <-- scenix.com /usr/local/www/scenix.com/ews4sxs2 AT-start.html
99.02.03 17:26 B D:\ews4sxs2\AT-supportquery.html <-- scenix.com /usr/local/www/scenix.com/ews4sxs2 AT-supportquery.html
99.02.03 17:26 B D:\ews4sxs2\AT-supportsearch.cgi <-- scenix.com /usr/local/www/scenix.com/ews4sxs2 AT-supportsearch.cgi
99.02.03 17:26 B D:\ews4sxs2\AT-template.cgi <-- scenix.com /usr/local/www/scenix.com/ews4sxs2 AT-template.cgi
99.02.03 17:26 B D:\ews4sxs2\AT-vpquery.html <-- scenix.com /usr/local/www/scenix.com/ews4sxs2 AT-vpquery.html
99.02.03 17:26 B D:\ews4sxs2\AT-vpsearch.cgi <-- scenix.com /usr/local/www/scenix.com/ews4sxs2 AT-vpsearch.cgi
99.02.03 17:26 B D:\ews4sxs2\AT-webquery.html <-- scenix.com /usr/local/www/scenix.com/ews4sxs2 AT-webquery.html
99.02.03 17:26 B D:\ews4sxs2\AT-websearch.cgi <-- scenix.com /usr/local/www/scenix.com/ews4sxs2 AT-websearch.cgi
99.02.03 17:26 B D:\ews4sxs2\ews <-- scenix.com /usr/local/www/scenix.com/ews4sxs2 ews
99.02.03 17:26 B D:\ews4sxs2\filter <-- scenix.com /usr/local/www/scenix.com/ews4sxs2 filter
99.02.03 17:26 B D:\ews4sxs2\filter_manual <-- scenix.com /usr/local/www/scenix.com/ews4sxs2 filter_manual
99.02.03 17:26 B D:\ews4sxs2\filter_support <-- scenix.com /usr/local/www/scenix.com/ews4sxs2 filter_support
99.02.03 17:26 B D:\ews4sxs2\filter_virtual <-- scenix.com /usr/local/www/scenix.com/ews4sxs2 filter_virtual
99.02.03 17:26 B D:\ews4sxs2\index.html <-- scenix.com /usr/local/www/scenix.com/ews4sxs2 index.html
99.02.03 17:26 B D:\ews4sxs2\install-admin <-- scenix.com /usr/local/www/scenix.com/ews4sxs2 install-admin
99.02.03 17:26 B D:\ews4sxs2\OS_VERSION <-- scenix.com /usr/local/www/scenix.com/ews4sxs2 OS_VERSION
99.02.03 17:26 B D:\ews4sxs2\PackingList <-- scenix.com /usr/local/www/scenix.com/ews4sxs2 PackingList
99.02.03 17:27 B D:\ews4sxs2\perl <-- scenix.com /usr/local/www/scenix.com/ews4sxs2 perl
99.02.03 17:27 B D:\ews4sxs2\scripts-fix-perl <-- scenix.com /usr/local/www/scenix.com/ews4sxs2 scripts-fix-perl
99.02.03 17:27 B D:\ews4sxs2\scripts-fix-root <-- scenix.com /usr/local/www/scenix.com/ews4sxs2 scripts-fix-root
99.02.03 17:27 B D:\ews4sxs2\stem.tbl <-- scenix.com /usr/local/www/scenix.com/ews4sxs2 stem.tbl
99.02.03 17:27 B D:\ews4sxs2\stop.tbl.key <-- scenix.com /usr/local/www/scenix.com/ews4sxs2 stop.tbl.key
99.02.03 17:27 B D:\ews4sxs2\stop.tbl.ptr <-- scenix.com /usr/local/www/scenix.com/ews4sxs2 stop.tbl.ptr
