
-------------------------------------------------------------------------
                   Alcatel BE1 SP Unlock LOG file
            (c) Daniel Henzulea  e-mail: <zulea@ler.ubbcluj.ro> 
-------------------------------------------------------------------------

  Date:  13-6-2000   18:15:30

    Original IMEI ........... 33209853853100 v16C 8M
    Clear ALL Locks
-------------------------------------------------------------------------

  Date:  14-6-2000   12:53:51

    Original IMEI ........... 33209853297511 v16C 8M
    Clear ALL Locks
-------------------------------------------------------------------------

  Date:  14-6-2000   14:43:51

    Original IMEI ........... 33209853959533 v16C 8M
    Clear ALL Locks
-------------------------------------------------------------------------

  Date:  16-6-2000   10:3:52

    Original IMEI ........... 33209853351206 v16C 8M
    Clear ALL Locks
-------------------------------------------------------------------------

  Date:  16-6-2000   10:29:23

    Original IMEI ........... 33209853994399 v16C 16M
    Clear ALL Locks
-------------------------------------------------------------------------

  Date:  16-6-2000   10:34:2

    Original IMEI ........... 33209853895860 v16C 16M
    Clear ALL Locks
-------------------------------------------------------------------------

  Date:  16-6-2000   10:36:1

    Original IMEI ........... 33209853241921 v16C 8M
    Clear ALL Locks
-------------------------------------------------------------------------

  Date:  16-6-2000   10:57:38

    Original IMEI ........... 33209853310376 v16C 8M
    Clear ALL Locks
-------------------------------------------------------------------------

  Date:  16-6-2000   11:19:35

    Original IMEI ........... 33209853490273 v16C 16M
    Clear ALL Locks
-------------------------------------------------------------------------

  Date:  16-6-2000   11:59:25

    Original IMEI ........... 33209853887873 v16C 8M
    Clear ALL Locks
-------------------------------------------------------------------------

  Date:  16-6-2000   12:20:56

    Original IMEI ........... 33209853223287 v16C 8M
    Clear ALL Locks
-------------------------------------------------------------------------

  Date:  16-6-2000   12:43:1

    Original IMEI ........... 33209853809509 v16C 8M
    Clear ALL Locks
-------------------------------------------------------------------------

  Date:  16-6-2000   13:24:24

    Original IMEI ........... 33209853779318 v16C 8M
    Clear ALL Locks
-------------------------------------------------------------------------

  Date:  16-6-2000   13:56:27

    Original IMEI ........... 33209853320871 v16C 8M
    Clear ALL Locks
-------------------------------------------------------------------------

  Date:  16-6-2000   14:33:28

    Original IMEI ........... 33209853549877 v16C 8M
    Clear ALL Locks
-------------------------------------------------------------------------

  Date:  16-6-2000   15:7:11

    Original IMEI ........... 33209853310694 v16C 8M
    Clear ALL Locks
-------------------------------------------------------------------------

  Date:  16-6-2000   15:24:45

    Original IMEI ........... 33209853909499 v16C 8M
    Clear ALL Locks
-------------------------------------------------------------------------

  Date:  16-6-2000   16:5:26

    Original IMEI ........... 33209853310121 v16C 8M
    Clear ALL Locks
-------------------------------------------------------------------------

  Date:  16-6-2000   16:24:29

    Original IMEI ........... 33209853776703 v16C 8M
    Clear ALL Locks
-------------------------------------------------------------------------

  Date:  16-6-2000   17:22:56

    Original IMEI ........... 33209853891166 v16C 8M
    Clear ALL Locks
-------------------------------------------------------------------------

  Date:  16-6-2000   17:51:47

    Original IMEI ........... 33209853294897 v16C 8M
    Clear ALL Locks
-------------------------------------------------------------------------

  Date:  16-6-2000   18:10:5

    Original IMEI ........... 33209853888413 v16C 8M
    Clear ALL Locks
-------------------------------------------------------------------------

  Date:  16-6-2000   18:28:4

    Original IMEI ........... 33209853334486 v16C 8M
    Clear ALL Locks
-------------------------------------------------------------------------

  Date:  16-6-2000   20:12:36

    Original IMEI ........... 33209853893994 v16C 8M
    Clear ALL Locks
-------------------------------------------------------------------------

  Date:  16-6-2000   20:13:17

    Original IMEI ........... 33213553046884 v16C 8M
    Clear ALL Locks
-------------------------------------------------------------------------

  Date:  16-6-2000   20:14:3

    Original IMEI ........... 33209853321212 v16C 8M
    Clear ALL Locks
-------------------------------------------------------------------------

  Date:  16-6-2000   20:14:56

    Original IMEI ........... 33209853891237 v16C 8M
    Clear ALL Locks
-------------------------------------------------------------------------

  Date:  16-6-2000   20:15:53

    Original IMEI ........... 33209853204831 v16C 8M
    Clear ALL Locks
-------------------------------------------------------------------------

  Date:  16-6-2000   20:16:25

    Original IMEI ........... 33209853236130 v16C 8M
    Clear ALL Locks
-------------------------------------------------------------------------

  Date:  16-6-2000   22:24:4

    Original IMEI ........... 33209853946482 v16C 8M
    Clear ALL Locks
-------------------------------------------------------------------------

  Date:  16-6-2000   22:24:38

    Original IMEI ........... 33209853223326 v16C 8M
    Clear ALL Locks
-------------------------------------------------------------------------

  Date:  16-6-2000   22:25:12

    Original IMEI ........... 33209853962567 v16C 8M
    Clear ALL Locks
-------------------------------------------------------------------------

  Date:  16-6-2000   22:25:48

    Original IMEI ........... 33209853755508 v16C 8M
    Clear ALL Locks
-------------------------------------------------------------------------

  Date:  16-6-2000   22:26:20

    Original IMEI ........... 33209853223493 v16C 8M
    Clear ALL Locks
-------------------------------------------------------------------------

  Date:  16-6-2000   22:26:55

    Original IMEI ........... 33209853295125 v16C 8M
    Clear ALL Locks
-------------------------------------------------------------------------

  Date:  19-6-2000   13:41:28

    Original IMEI ........... 33209853992839 v16C 8M
    Clear ALL Locks
-------------------------------------------------------------------------

  Date:  19-6-2000   14:16:28

    Original IMEI ........... 33209853992403 v16C 8M
    Clear ALL Locks
-------------------------------------------------------------------------

  Date:  19-6-2000   14:38:21

    Original IMEI ........... 33209853838872 v16C 8M
    Clear ALL Locks
-------------------------------------------------------------------------

  Date:  19-6-2000   14:38:58

    Original IMEI ........... 33209753698328 v16B 8M
    Clear ALL Locks
-------------------------------------------------------------------------

  Date:  19-6-2000   14:39:33

    Original IMEI ........... 33209853259489 v16C 8M
    Clear ALL Locks
-------------------------------------------------------------------------

  Date:  20-6-2000   13:51:42

    Original IMEI ........... 33206467455155 v16B 8M
    Clear ALL Locks
-------------------------------------------------------------------------

  Date:  20-6-2000   13:52:43

    Original IMEI ........... 33206467416702 v16B 8M
    Clear ALL Locks
-------------------------------------------------------------------------

  Date:  21-6-2000   14:0:59

    Original IMEI ........... 33209853992546 v16C 8M
    Clear ALL Locks
-------------------------------------------------------------------------

  Date:  23-6-2000   11:11:2

    Original IMEI ........... 33209853959923 v16C 8M
    Clear ALL Locks
-------------------------------------------------------------------------

  Date:  27-6-2000   21:32:29

    Original IMEI ........... 33202170292105 v16C 8M
    Clear ALL Locks
-------------------------------------------------------------------------

  Date:  27-6-2000   21:34:4

    Original IMEI ........... 33202170292540 v16C 8M
    Clear ALL Locks
-------------------------------------------------------------------------

  Date:  27-6-2000   21:35:56

    Original IMEI ........... 33202170285993 v16C 8M
    Clear ALL Locks
-------------------------------------------------------------------------

  Date:  27-6-2000   21:37:5

    Original IMEI ........... 33213067548684 v16C 8M
    Clear ALL Locks
-------------------------------------------------------------------------

  Date:  27-6-2000   21:38:24

    Original IMEI ........... 33213067550551 v16C 8M
    Clear ALL Locks
-------------------------------------------------------------------------

  Date:  28-6-2000   13:50:49

    Original IMEI ........... 33209853960051 v16C 8M
    Clear ALL Locks
-------------------------------------------------------------------------

  Date:  28-6-2000   13:51:28

    Original IMEI ........... 33209853940628 v16C 8M
    Clear ALL Locks
-------------------------------------------------------------------------

  Date:  29-6-2000   12:38:59

    Original IMEI ........... 33209853889476 v16C 8M
    Clear ALL Locks
-------------------------------------------------------------------------

  Date:  30-6-2000   13:1:36

    Original IMEI ........... 33209853965625 v16C 8M
    Clear ALL Locks
-------------------------------------------------------------------------

  Date:  3-7-2000   14:11:48

    Original IMEI ........... 33209853259529 v16C 8M
    Clear ALL Locks
-------------------------------------------------------------------------
