99.02.03 17:20 B D:\ews4sxs2\pictures\AT-admin_banner.gif <-- scenix.com /usr/local/www/scenix.com/ews4sxs2/pictures AT-admin_banner.gif
99.02.03 17:20 B D:\ews4sxs2\pictures\AT-black_dart.gif <-- scenix.com /usr/local/www/scenix.com/ews4sxs2/pictures AT-black_dart.gif
99.02.03 17:20 B D:\ews4sxs2\pictures\AT-black_x.gif <-- scenix.com /usr/local/www/scenix.com/ews4sxs2/pictures AT-black_x.gif
99.02.03 17:20 B D:\ews4sxs2\pictures\AT-blank_x.gif <-- scenix.com /usr/local/www/scenix.com/ews4sxs2/pictures AT-blank_x.gif
99.02.03 17:20 B D:\ews4sxs2\pictures\AT-Block-logo.gif <-- scenix.com /usr/local/www/scenix.com/ews4sxs2/pictures AT-Block-logo.gif
99.02.03 17:20 B D:\ews4sxs2\pictures\AT-excited.gif <-- scenix.com /usr/local/www/scenix.com/ews4sxs2/pictures AT-excited.gif
99.02.03 17:20 B D:\ews4sxs2\pictures\AT-grouped_confidence.gif <-- scenix.com /usr/local/www/scenix.com/ews4sxs2/pictures AT-grouped_confidence.gif
99.02.03 17:20 B D:\ews4sxs2\pictures\AT-grouped_subject.gif <-- scenix.com /usr/local/www/scenix.com/ews4sxs2/pictures AT-grouped_subject.gif
99.02.03 17:20 B D:\ews4sxs2\pictures\AT-help_banner.gif <-- scenix.com /usr/local/www/scenix.com/ews4sxs2/pictures AT-help_banner.gif
99.02.03 17:20 B D:\ews4sxs2\pictures\AT-install_banner.gif <-- scenix.com /usr/local/www/scenix.com/ews4sxs2/pictures AT-install_banner.gif
99.02.03 17:20 B D:\ews4sxs2\pictures\AT-neg_logo.gif <-- scenix.com /usr/local/www/scenix.com/ews4sxs2/pictures AT-neg_logo.gif
99.02.03 17:20 B D:\ews4sxs2\pictures\AT-netsearch_button.gif <-- scenix.com /usr/local/www/scenix.com/ews4sxs2/pictures AT-netsearch_button.gif
99.02.03 17:21 B D:\ews4sxs2\pictures\AT-netsearch_link.gif <-- scenix.com /usr/local/www/scenix.com/ews4sxs2/pictures AT-netsearch_link.gif
99.02.03 17:21 B D:\ews4sxs2\pictures\AT-new_search_button.gif <-- scenix.com /usr/local/www/scenix.com/ews4sxs2/pictures AT-new_search_button.gif
99.02.03 17:21 B D:\ews4sxs2\pictures\AT-pos_logo.gif <-- scenix.com /usr/local/www/scenix.com/ews4sxs2/pictures AT-pos_logo.gif
99.02.03 17:21 B D:\ews4sxs2\pictures\AT-red_dart.gif <-- scenix.com /usr/local/www/scenix.com/ews4sxs2/pictures AT-red_dart.gif
99.02.03 17:21 B D:\ews4sxs2\pictures\AT-red_x.gif <-- scenix.com /usr/local/www/scenix.com/ews4sxs2/pictures AT-red_x.gif
99.02.03 17:21 B D:\ews4sxs2\pictures\AT-redball.gif <-- scenix.com /usr/local/www/scenix.com/ews4sxs2/pictures AT-redball.gif
99.02.03 17:21 B D:\ews4sxs2\pictures\AT-results_label.gif <-- scenix.com /usr/local/www/scenix.com/ews4sxs2/pictures AT-results_label.gif
99.02.03 17:21 B D:\ews4sxs2\pictures\AT-search_banner.gif <-- scenix.com /usr/local/www/scenix.com/ews4sxs2/pictures AT-search_banner.gif
99.02.03 17:21 B D:\ews4sxs2\pictures\AT-search_button.gif <-- scenix.com /usr/local/www/scenix.com/ews4sxs2/pictures AT-search_button.gif
99.02.03 17:21 B D:\ews4sxs2\pictures\AT-stopsign.gif <-- scenix.com /usr/local/www/scenix.com/ews4sxs2/pictures AT-stopsign.gif
99.02.03 17:21 B D:\ews4sxs2\pictures\AT-trans_logo.gif <-- scenix.com /usr/local/www/scenix.com/ews4sxs2/pictures AT-trans_logo.gif
