99.02.03 17:15 B D:\ews4sxs2\collections\summary\sum101105.dat <-- scenix.com /usr/local/www/scenix.com/ews4sxs2/collections/summary sum101105.dat
99.02.03 17:15 B D:\ews4sxs2\collections\summary\sum101105.idf <-- scenix.com /usr/local/www/scenix.com/ews4sxs2/collections/summary sum101105.idf
99.02.03 17:15 B D:\ews4sxs2\collections\summary\sum101105.info <-- scenix.com /usr/local/www/scenix.com/ews4sxs2/collections/summary sum101105.info
99.02.03 17:15 B D:\ews4sxs2\collections\summary\sum101105.key <-- scenix.com /usr/local/www/scenix.com/ews4sxs2/collections/summary sum101105.key
99.02.03 17:15 B D:\ews4sxs2\collections\summary\sum101105.norm <-- scenix.com /usr/local/www/scenix.com/ews4sxs2/collections/summary sum101105.norm
99.02.03 17:15 B D:\ews4sxs2\collections\summary\sum101105.norm.raw <-- scenix.com /usr/local/www/scenix.com/ews4sxs2/collections/summary sum101105.norm.raw
99.02.03 17:15 B D:\ews4sxs2\collections\summary\sum101105.prx <-- scenix.com /usr/local/www/scenix.com/ews4sxs2/collections/summary sum101105.prx
99.02.03 17:15 B D:\ews4sxs2\collections\summary\sum101105.prx.map <-- scenix.com /usr/local/www/scenix.com/ews4sxs2/collections/summary sum101105.prx.map
99.02.03 17:15 B D:\ews4sxs2\collections\summary\sum101105.prx000 <-- scenix.com /usr/local/www/scenix.com/ews4sxs2/collections/summary sum101105.prx000
99.02.03 17:15 B D:\ews4sxs2\collections\summary\sum101105.ptr <-- scenix.com /usr/local/www/scenix.com/ews4sxs2/collections/summary sum101105.ptr
99.02.03 17:15 B D:\ews4sxs2\collections\summary\sum101105.sum <-- scenix.com /usr/local/www/scenix.com/ews4sxs2/collections/summary sum101105.sum
99.02.03 17:15 B D:\ews4sxs2\collections\summary\sum101105.tmp000 <-- scenix.com /usr/local/www/scenix.com/ews4sxs2/collections/summary sum101105.tmp000
99.02.03 17:16 B D:\ews4sxs2\collections\summary\sum101105.trp <-- scenix.com /usr/local/www/scenix.com/ews4sxs2/collections/summary sum101105.trp
99.02.03 17:16 B D:\ews4sxs2\collections\summary\sum1413014134.dat <-- scenix.com /usr/local/www/scenix.com/ews4sxs2/collections/summary sum1413014134.dat
99.02.03 17:16 B D:\ews4sxs2\collections\summary\sum1413014134.idf <-- scenix.com /usr/local/www/scenix.com/ews4sxs2/collections/summary sum1413014134.idf
99.02.03 17:16 B D:\ews4sxs2\collections\summary\sum1413014134.info <-- scenix.com /usr/local/www/scenix.com/ews4sxs2/collections/summary sum1413014134.info
99.02.03 17:16 B D:\ews4sxs2\collections\summary\sum1413014134.key <-- scenix.com /usr/local/www/scenix.com/ews4sxs2/collections/summary sum1413014134.key
99.02.03 17:16 B D:\ews4sxs2\collections\summary\sum1413014134.norm <-- scenix.com /usr/local/www/scenix.com/ews4sxs2/collections/summary sum1413014134.norm
99.02.03 17:16 B D:\ews4sxs2\collections\summary\sum1413014134.norm.raw <-- scenix.com /usr/local/www/scenix.com/ews4sxs2/collections/summary sum1413014134.norm.raw
99.02.03 17:16 B D:\ews4sxs2\collections\summary\sum1413014134.prx <-- scenix.com /usr/local/www/scenix.com/ews4sxs2/collections/summary sum1413014134.prx
99.02.03 17:16 B D:\ews4sxs2\collections\summary\sum1413014134.prx.map <-- scenix.com /usr/local/www/scenix.com/ews4sxs2/collections/summary sum1413014134.prx.map
99.02.03 17:16 B D:\ews4sxs2\collections\summary\sum1413014134.prx000 <-- scenix.com /usr/local/www/scenix.com/ews4sxs2/collections/summary sum1413014134.prx000
99.02.03 17:16 B D:\ews4sxs2\collections\summary\sum1413014134.ptr <-- scenix.com /usr/local/www/scenix.com/ews4sxs2/collections/summary sum1413014134.ptr
99.02.03 17:16 B D:\ews4sxs2\collections\summary\sum1413014134.sum <-- scenix.com /usr/local/www/scenix.com/ews4sxs2/collections/summary sum1413014134.sum
99.02.03 17:16 B D:\ews4sxs2\collections\summary\sum1413014134.tmp000 <-- scenix.com /usr/local/www/scenix.com/ews4sxs2/collections/summary sum1413014134.tmp000
99.02.03 17:16 B D:\ews4sxs2\collections\summary\sum1413014134.trp <-- scenix.com /usr/local/www/scenix.com/ews4sxs2/collections/summary sum1413014134.trp
99.02.03 17:16 B D:\ews4sxs2\collections\summary\sum1414014144.dat <-- scenix.com /usr/local/www/scenix.com/ews4sxs2/collections/summary sum1414014144.dat
99.02.03 17:16 B D:\ews4sxs2\collections\summary\sum1414014144.idf <-- scenix.com /usr/local/www/scenix.com/ews4sxs2/collections/summary sum1414014144.idf
99.02.03 17:16 B D:\ews4sxs2\collections\summary\sum1414014144.info <-- scenix.com /usr/local/www/scenix.com/ews4sxs2/collections/summary sum1414014144.info
99.02.03 17:16 B D:\ews4sxs2\collections\summary\sum1414014144.key <-- scenix.com /usr/local/www/scenix.com/ews4sxs2/collections/summary sum1414014144.key
99.02.03 17:16 B D:\ews4sxs2\collections\summary\sum1414014144.norm <-- scenix.com /usr/local/www/scenix.com/ews4sxs2/collections/summary sum1414014144.norm
99.02.03 17:16 B D:\ews4sxs2\collections\summary\sum1414014144.norm.raw <-- scenix.com /usr/local/www/scenix.com/ews4sxs2/collections/summary sum1414014144.norm.raw
99.02.03 17:16 B D:\ews4sxs2\collections\summary\sum1414014144.prx <-- scenix.com /usr/local/www/scenix.com/ews4sxs2/collections/summary sum1414014144.prx
99.02.03 17:16 B D:\ews4sxs2\collections\summary\sum1414014144.prx.map <-- scenix.com /usr/local/www/scenix.com/ews4sxs2/collections/summary sum1414014144.prx.map
99.02.03 17:16 B D:\ews4sxs2\collections\summary\sum1414014144.prx000 <-- scenix.com /usr/local/www/scenix.com/ews4sxs2/collections/summary sum1414014144.prx000
99.02.03 17:16 B D:\ews4sxs2\collections\summary\sum1414014144.ptr <-- scenix.com /usr/local/www/scenix.com/ews4sxs2/collections/summary sum1414014144.ptr
99.02.03 17:16 B D:\ews4sxs2\collections\summary\sum1414014144.sum <-- scenix.com /usr/local/www/scenix.com/ews4sxs2/collections/summary sum1414014144.sum
99.02.03 17:16 B D:\ews4sxs2\collections\summary\sum1414014144.tmp000 <-- scenix.com /usr/local/www/scenix.com/ews4sxs2/collections/summary sum1414014144.tmp000
99.02.03 17:16 B D:\ews4sxs2\collections\summary\sum1414014144.trp <-- scenix.com /usr/local/www/scenix.com/ews4sxs2/collections/summary sum1414014144.trp
99.02.03 17:16 B D:\ews4sxs2\collections\summary\sum1415014155.dat <-- scenix.com /usr/local/www/scenix.com/ews4sxs2/collections/summary sum1415014155.dat
99.02.03 17:16 B D:\ews4sxs2\collections\summary\sum1415014155.idf <-- scenix.com /usr/local/www/scenix.com/ews4sxs2/collections/summary sum1415014155.idf
99.02.03 17:16 B D:\ews4sxs2\collections\summary\sum1415014155.info <-- scenix.com /usr/local/www/scenix.com/ews4sxs2/collections/summary sum1415014155.info
99.02.03 17:16 B D:\ews4sxs2\collections\summary\sum1415014155.key <-- scenix.com /usr/local/www/scenix.com/ews4sxs2/collections/summary sum1415014155.key
99.02.03 17:16 B D:\ews4sxs2\collections\summary\sum1415014155.norm <-- scenix.com /usr/local/www/scenix.com/ews4sxs2/collections/summary sum1415014155.norm
99.02.03 17:16 B D:\ews4sxs2\collections\summary\sum1415014155.norm.raw <-- scenix.com /usr/local/www/scenix.com/ews4sxs2/collections/summary sum1415014155.norm.raw
99.02.03 17:16 B D:\ews4sxs2\collections\summary\sum1415014155.prx <-- scenix.com /usr/local/www/scenix.com/ews4sxs2/collections/summary sum1415014155.prx
99.02.03 17:16 B D:\ews4sxs2\collections\summary\sum1415014155.prx.map <-- scenix.com /usr/local/www/scenix.com/ews4sxs2/collections/summary sum1415014155.prx.map
99.02.03 17:16 B D:\ews4sxs2\collections\summary\sum1415014155.prx000 <-- scenix.com /usr/local/www/scenix.com/ews4sxs2/collections/summary sum1415014155.prx000
99.02.03 17:16 B D:\ews4sxs2\collections\summary\sum1415014155.ptr <-- scenix.com /usr/local/www/scenix.com/ews4sxs2/collections/summary sum1415014155.ptr
99.02.03 17:16 B D:\ews4sxs2\collections\summary\sum1415014155.sum <-- scenix.com /usr/local/www/scenix.com/ews4sxs2/collections/summary sum1415014155.sum
99.02.03 17:16 B D:\ews4sxs2\collections\summary\sum1415014155.tmp000 <-- scenix.com /usr/local/www/scenix.com/ews4sxs2/collections/summary sum1415014155.tmp000
99.02.03 17:16 B D:\ews4sxs2\collections\summary\sum1415014155.trp <-- scenix.com /usr/local/www/scenix.com/ews4sxs2/collections/summary sum1415014155.trp
99.02.03 17:16 B D:\ews4sxs2\collections\summary\sum1419514203.dat <-- scenix.com /usr/local/www/scenix.com/ews4sxs2/collections/summary sum1419514203.dat
99.02.03 17:16 B D:\ews4sxs2\collections\summary\sum1419514203.idf <-- scenix.com /usr/local/www/scenix.com/ews4sxs2/collections/summary sum1419514203.idf
99.02.03 17:16 B D:\ews4sxs2\collections\summary\sum1419514203.info <-- scenix.com /usr/local/www/scenix.com/ews4sxs2/collections/summary sum1419514203.info
99.02.03 17:16 B D:\ews4sxs2\collections\summary\sum1419514203.key <-- scenix.com /usr/local/www/scenix.com/ews4sxs2/collections/summary sum1419514203.key
99.02.03 17:16 B D:\ews4sxs2\collections\summary\sum1419514203.norm <-- scenix.com /usr/local/www/scenix.com/ews4sxs2/collections/summary sum1419514203.norm
99.02.03 17:16 B D:\ews4sxs2\collections\summary\sum1419514203.norm.raw <-- scenix.com /usr/local/www/scenix.com/ews4sxs2/collections/summary sum1419514203.norm.raw
99.02.03 17:16 B D:\ews4sxs2\collections\summary\sum1419514203.prx <-- scenix.com /usr/local/www/scenix.com/ews4sxs2/collections/summary sum1419514203.prx
99.02.03 17:16 B D:\ews4sxs2\collections\summary\sum1419514203.prx.map <-- scenix.com /usr/local/www/scenix.com/ews4sxs2/collections/summary sum1419514203.prx.map
99.02.03 17:16 B D:\ews4sxs2\collections\summary\sum1419514203.prx000 <-- scenix.com /usr/local/www/scenix.com/ews4sxs2/collections/summary sum1419514203.prx000
99.02.03 17:16 B D:\ews4sxs2\collections\summary\sum1419514203.ptr <-- scenix.com /usr/local/www/scenix.com/ews4sxs2/collections/summary sum1419514203.ptr
99.02.03 17:16 B D:\ews4sxs2\collections\summary\sum1419514203.sum <-- scenix.com /usr/local/www/scenix.com/ews4sxs2/collections/summary sum1419514203.sum
99.02.03 17:16 B D:\ews4sxs2\collections\summary\sum1419514203.tmp000 <-- scenix.com /usr/local/www/scenix.com/ews4sxs2/collections/summary sum1419514203.tmp000
99.02.03 17:16 B D:\ews4sxs2\collections\summary\sum1419514203.trp <-- scenix.com /usr/local/www/scenix.com/ews4sxs2/collections/summary sum1419514203.trp
99.02.03 17:16 B D:\ews4sxs2\collections\summary\sum1479314797.dat <-- scenix.com /usr/local/www/scenix.com/ews4sxs2/collections/summary sum1479314797.dat
99.02.03 17:16 B D:\ews4sxs2\collections\summary\sum1479314797.idf <-- scenix.com /usr/local/www/scenix.com/ews4sxs2/collections/summary sum1479314797.idf
99.02.03 17:16 B D:\ews4sxs2\collections\summary\sum1479314797.info <-- scenix.com /usr/local/www/scenix.com/ews4sxs2/collections/summary sum1479314797.info
99.02.03 17:16 B D:\ews4sxs2\collections\summary\sum1479314797.key <-- scenix.com /usr/local/www/scenix.com/ews4sxs2/collections/summary sum1479314797.key
99.02.03 17:16 B D:\ews4sxs2\collections\summary\sum1479314797.norm <-- scenix.com /usr/local/www/scenix.com/ews4sxs2/collections/summary sum1479314797.norm
99.02.03 17:16 B D:\ews4sxs2\collections\summary\sum1479314797.norm.raw <-- scenix.com /usr/local/www/scenix.com/ews4sxs2/collections/summary sum1479314797.norm.raw
99.02.03 17:16 B D:\ews4sxs2\collections\summary\sum1479314797.prx <-- scenix.com /usr/local/www/scenix.com/ews4sxs2/collections/summary sum1479314797.prx
99.02.03 17:16 B D:\ews4sxs2\collections\summary\sum1479314797.prx.map <-- scenix.com /usr/local/www/scenix.com/ews4sxs2/collections/summary sum1479314797.prx.map
99.02.03 17:16 B D:\ews4sxs2\collections\summary\sum1479314797.prx000 <-- scenix.com /usr/local/www/scenix.com/ews4sxs2/collections/summary sum1479314797.prx000
99.02.03 17:16 B D:\ews4sxs2\collections\summary\sum1479314797.ptr <-- scenix.com /usr/local/www/scenix.com/ews4sxs2/collections/summary sum1479314797.ptr
99.02.03 17:16 B D:\ews4sxs2\collections\summary\sum1479314797.sum <-- scenix.com /usr/local/www/scenix.com/ews4sxs2/collections/summary sum1479314797.sum
99.02.03 17:16 B D:\ews4sxs2\collections\summary\sum1479314797.tmp000 <-- scenix.com /usr/local/www/scenix.com/ews4sxs2/collections/summary sum1479314797.tmp000
99.02.03 17:16 B D:\ews4sxs2\collections\summary\sum1479314797.trp <-- scenix.com /usr/local/www/scenix.com/ews4sxs2/collections/summary sum1479314797.trp
99.02.03 17:16 B D:\ews4sxs2\collections\summary\sum1484814852.dat <-- scenix.com /usr/local/www/scenix.com/ews4sxs2/collections/summary sum1484814852.dat
99.02.03 17:16 B D:\ews4sxs2\collections\summary\sum1484814852.idf <-- scenix.com /usr/local/www/scenix.com/ews4sxs2/collections/summary sum1484814852.idf
99.02.03 17:16 B D:\ews4sxs2\collections\summary\sum1484814852.info <-- scenix.com /usr/local/www/scenix.com/ews4sxs2/collections/summary sum1484814852.info
99.02.03 17:16 B D:\ews4sxs2\collections\summary\sum1484814852.key <-- scenix.com /usr/local/www/scenix.com/ews4sxs2/collections/summary sum1484814852.key
99.02.03 17:16 B D:\ews4sxs2\collections\summary\sum1484814852.norm <-- scenix.com /usr/local/www/scenix.com/ews4sxs2/collections/summary sum1484814852.norm
99.02.03 17:16 B D:\ews4sxs2\collections\summary\sum1484814852.norm.raw <-- scenix.com /usr/local/www/scenix.com/ews4sxs2/collections/summary sum1484814852.norm.raw
99.02.03 17:16 B D:\ews4sxs2\collections\summary\sum1484814852.prx <-- scenix.com /usr/local/www/scenix.com/ews4sxs2/collections/summary sum1484814852.prx
99.02.03 17:16 B D:\ews4sxs2\collections\summary\sum1484814852.prx.map <-- scenix.com /usr/local/www/scenix.com/ews4sxs2/collections/summary sum1484814852.prx.map
99.02.03 17:16 B D:\ews4sxs2\collections\summary\sum1484814852.prx000 <-- scenix.com /usr/local/www/scenix.com/ews4sxs2/collections/summary sum1484814852.prx000
99.02.03 17:16 B D:\ews4sxs2\collections\summary\sum1484814852.ptr <-- scenix.com /usr/local/www/scenix.com/ews4sxs2/collections/summary sum1484814852.ptr
99.02.03 17:16 B D:\ews4sxs2\collections\summary\sum1484814852.sum <-- scenix.com /usr/local/www/scenix.com/ews4sxs2/collections/summary sum1484814852.sum
99.02.03 17:16 B D:\ews4sxs2\collections\summary\sum1484814852.tmp000 <-- scenix.com /usr/local/www/scenix.com/ews4sxs2/collections/summary sum1484814852.tmp000
99.02.03 17:16 B D:\ews4sxs2\collections\summary\sum1484814852.trp <-- scenix.com /usr/local/www/scenix.com/ews4sxs2/collections/summary sum1484814852.trp
99.02.03 17:16 B D:\ews4sxs2\collections\summary\sum1513815142.dat <-- scenix.com /usr/local/www/scenix.com/ews4sxs2/collections/summary sum1513815142.dat
99.02.03 17:16 B D:\ews4sxs2\collections\summary\sum1513815142.idf <-- scenix.com /usr/local/www/scenix.com/ews4sxs2/collections/summary sum1513815142.idf
99.02.03 17:16 B D:\ews4sxs2\collections\summary\sum1513815142.info <-- scenix.com /usr/local/www/scenix.com/ews4sxs2/collections/summary sum1513815142.info
99.02.03 17:16 B D:\ews4sxs2\collections\summary\sum1513815142.key <-- scenix.com /usr/local/www/scenix.com/ews4sxs2/collections/summary sum1513815142.key
99.02.03 17:16 B D:\ews4sxs2\collections\summary\sum1513815142.norm <-- scenix.com /usr/local/www/scenix.com/ews4sxs2/collections/summary sum1513815142.norm
99.02.03 17:16 B D:\ews4sxs2\collections\summary\sum1513815142.norm.raw <-- scenix.com /usr/local/www/scenix.com/ews4sxs2/collections/summary sum1513815142.norm.raw
99.02.03 17:16 B D:\ews4sxs2\collections\summary\sum1513815142.prx <-- scenix.com /usr/local/www/scenix.com/ews4sxs2/collections/summary sum1513815142.prx
99.02.03 17:16 B D:\ews4sxs2\collections\summary\sum1513815142.prx.map <-- scenix.com /usr/local/www/scenix.com/ews4sxs2/collections/summary sum1513815142.prx.map
99.02.03 17:16 B D:\ews4sxs2\collections\summary\sum1513815142.prx000 <-- scenix.com /usr/local/www/scenix.com/ews4sxs2/collections/summary sum1513815142.prx000
99.02.03 17:16 B D:\ews4sxs2\collections\summary\sum1513815142.ptr <-- scenix.com /usr/local/www/scenix.com/ews4sxs2/collections/summary sum1513815142.ptr
99.02.03 17:16 B D:\ews4sxs2\collections\summary\sum1513815142.sum <-- scenix.com /usr/local/www/scenix.com/ews4sxs2/collections/summary sum1513815142.sum
99.02.03 17:16 B D:\ews4sxs2\collections\summary\sum1513815142.tmp000 <-- scenix.com /usr/local/www/scenix.com/ews4sxs2/collections/summary sum1513815142.tmp000
99.02.03 17:16 B D:\ews4sxs2\collections\summary\sum1513815142.trp <-- scenix.com /usr/local/www/scenix.com/ews4sxs2/collections/summary sum1513815142.trp
99.02.03 17:16 B D:\ews4sxs2\collections\summary\sum1817418178.dat <-- scenix.com /usr/local/www/scenix.com/ews4sxs2/collections/summary sum1817418178.dat
99.02.03 17:16 B D:\ews4sxs2\collections\summary\sum1817418178.idf <-- scenix.com /usr/local/www/scenix.com/ews4sxs2/collections/summary sum1817418178.idf
99.02.03 17:16 B D:\ews4sxs2\collections\summary\sum1817418178.info <-- scenix.com /usr/local/www/scenix.com/ews4sxs2/collections/summary sum1817418178.info
99.02.03 17:16 B D:\ews4sxs2\collections\summary\sum1817418178.key <-- scenix.com /usr/local/www/scenix.com/ews4sxs2/collections/summary sum1817418178.key
99.02.03 17:16 B D:\ews4sxs2\collections\summary\sum1817418178.norm <-- scenix.com /usr/local/www/scenix.com/ews4sxs2/collections/summary sum1817418178.norm
99.02.03 17:16 B D:\ews4sxs2\collections\summary\sum1817418178.norm.raw <-- scenix.com /usr/local/www/scenix.com/ews4sxs2/collections/summary sum1817418178.norm.raw
99.02.03 17:16 B D:\ews4sxs2\collections\summary\sum1817418178.prx <-- scenix.com /usr/local/www/scenix.com/ews4sxs2/collections/summary sum1817418178.prx
99.02.03 17:16 B D:\ews4sxs2\collections\summary\sum1817418178.prx.map <-- scenix.com /usr/local/www/scenix.com/ews4sxs2/collections/summary sum1817418178.prx.map
99.02.03 17:16 B D:\ews4sxs2\collections\summary\sum1817418178.prx000 <-- scenix.com /usr/local/www/scenix.com/ews4sxs2/collections/summary sum1817418178.prx000
99.02.03 17:16 B D:\ews4sxs2\collections\summary\sum1817418178.ptr <-- scenix.com /usr/local/www/scenix.com/ews4sxs2/collections/summary sum1817418178.ptr
99.02.03 17:16 B D:\ews4sxs2\collections\summary\sum1817418178.sum <-- scenix.com /usr/local/www/scenix.com/ews4sxs2/collections/summary sum1817418178.sum
99.02.03 17:16 B D:\ews4sxs2\collections\summary\sum1817418178.tmp000 <-- scenix.com /usr/local/www/scenix.com/ews4sxs2/collections/summary sum1817418178.tmp000
99.02.03 17:16 B D:\ews4sxs2\collections\summary\sum1817418178.trp <-- scenix.com /usr/local/www/scenix.com/ews4sxs2/collections/summary sum1817418178.trp
99.02.03 17:16 B D:\ews4sxs2\collections\summary\sum1826618270.dat <-- scenix.com /usr/local/www/scenix.com/ews4sxs2/collections/summary sum1826618270.dat
99.02.03 17:16 B D:\ews4sxs2\collections\summary\sum1826618270.idf <-- scenix.com /usr/local/www/scenix.com/ews4sxs2/collections/summary sum1826618270.idf
99.02.03 17:16 B D:\ews4sxs2\collections\summary\sum1826618270.info <-- scenix.com /usr/local/www/scenix.com/ews4sxs2/collections/summary sum1826618270.info
99.02.03 17:16 B D:\ews4sxs2\collections\summary\sum1826618270.key <-- scenix.com /usr/local/www/scenix.com/ews4sxs2/collections/summary sum1826618270.key
99.02.03 17:16 B D:\ews4sxs2\collections\summary\sum1826618270.norm <-- scenix.com /usr/local/www/scenix.com/ews4sxs2/collections/summary sum1826618270.norm
99.02.03 17:16 B D:\ews4sxs2\collections\summary\sum1826618270.norm.raw <-- scenix.com /usr/local/www/scenix.com/ews4sxs2/collections/summary sum1826618270.norm.raw
99.02.03 17:16 B D:\ews4sxs2\collections\summary\sum1826618270.prx <-- scenix.com /usr/local/www/scenix.com/ews4sxs2/collections/summary sum1826618270.prx
99.02.03 17:16 B D:\ews4sxs2\collections\summary\sum1826618270.prx.map <-- scenix.com /usr/local/www/scenix.com/ews4sxs2/collections/summary sum1826618270.prx.map
99.02.03 17:16 B D:\ews4sxs2\collections\summary\sum1826618270.prx000 <-- scenix.com /usr/local/www/scenix.com/ews4sxs2/collections/summary sum1826618270.prx000
99.02.03 17:16 B D:\ews4sxs2\collections\summary\sum1826618270.ptr <-- scenix.com /usr/local/www/scenix.com/ews4sxs2/collections/summary sum1826618270.ptr
99.02.03 17:16 B D:\ews4sxs2\collections\summary\sum1826618270.sum <-- scenix.com /usr/local/www/scenix.com/ews4sxs2/collections/summary sum1826618270.sum
99.02.03 17:16 B D:\ews4sxs2\collections\summary\sum1826618270.tmp000 <-- scenix.com /usr/local/www/scenix.com/ews4sxs2/collections/summary sum1826618270.tmp000
99.02.03 17:16 B D:\ews4sxs2\collections\summary\sum1826618270.trp <-- scenix.com /usr/local/www/scenix.com/ews4sxs2/collections/summary sum1826618270.trp
99.02.03 17:16 B D:\ews4sxs2\collections\summary\sum1839918403.dat <-- scenix.com /usr/local/www/scenix.com/ews4sxs2/collections/summary sum1839918403.dat
99.02.03 17:16 B D:\ews4sxs2\collections\summary\sum1839918403.idf <-- scenix.com /usr/local/www/scenix.com/ews4sxs2/collections/summary sum1839918403.idf
99.02.03 17:16 B D:\ews4sxs2\collections\summary\sum1839918403.info <-- scenix.com /usr/local/www/scenix.com/ews4sxs2/collections/summary sum1839918403.info
99.02.03 17:16 B D:\ews4sxs2\collections\summary\sum1839918403.key <-- scenix.com /usr/local/www/scenix.com/ews4sxs2/collections/summary sum1839918403.key
99.02.03 17:16 B D:\ews4sxs2\collections\summary\sum1839918403.norm <-- scenix.com /usr/local/www/scenix.com/ews4sxs2/collections/summary sum1839918403.norm
99.02.03 17:16 B D:\ews4sxs2\collections\summary\sum1839918403.norm.raw <-- scenix.com /usr/local/www/scenix.com/ews4sxs2/collections/summary sum1839918403.norm.raw
99.02.03 17:16 B D:\ews4sxs2\collections\summary\sum1839918403.prx <-- scenix.com /usr/local/www/scenix.com/ews4sxs2/collections/summary sum1839918403.prx
99.02.03 17:16 B D:\ews4sxs2\collections\summary\sum1839918403.prx.map <-- scenix.com /usr/local/www/scenix.com/ews4sxs2/collections/summary sum1839918403.prx.map
99.02.03 17:16 B D:\ews4sxs2\collections\summary\sum1839918403.prx000 <-- scenix.com /usr/local/www/scenix.com/ews4sxs2/collections/summary sum1839918403.prx000
99.02.03 17:16 B D:\ews4sxs2\collections\summary\sum1839918403.ptr <-- scenix.com /usr/local/www/scenix.com/ews4sxs2/collections/summary sum1839918403.ptr
99.02.03 17:16 B D:\ews4sxs2\collections\summary\sum1839918403.sum <-- scenix.com /usr/local/www/scenix.com/ews4sxs2/collections/summary sum1839918403.sum
99.02.03 17:16 B D:\ews4sxs2\collections\summary\sum1839918403.tmp000 <-- scenix.com /usr/local/www/scenix.com/ews4sxs2/collections/summary sum1839918403.tmp000
99.02.03 17:16 B D:\ews4sxs2\collections\summary\sum1839918403.trp <-- scenix.com /usr/local/www/scenix.com/ews4sxs2/collections/summary sum1839918403.trp
99.02.03 17:16 B D:\ews4sxs2\collections\summary\sum1844818453.dat <-- scenix.com /usr/local/www/scenix.com/ews4sxs2/collections/summary sum1844818453.dat
99.02.03 17:16 B D:\ews4sxs2\collections\summary\sum1844818453.idf <-- scenix.com /usr/local/www/scenix.com/ews4sxs2/collections/summary sum1844818453.idf
99.02.03 17:16 B D:\ews4sxs2\collections\summary\sum1844818453.info <-- scenix.com /usr/local/www/scenix.com/ews4sxs2/collections/summary sum1844818453.info
99.02.03 17:16 B D:\ews4sxs2\collections\summary\sum1844818453.key <-- scenix.com /usr/local/www/scenix.com/ews4sxs2/collections/summary sum1844818453.key
99.02.03 17:16 B D:\ews4sxs2\collections\summary\sum1844818453.norm <-- scenix.com /usr/local/www/scenix.com/ews4sxs2/collections/summary sum1844818453.norm
99.02.03 17:16 B D:\ews4sxs2\collections\summary\sum1844818453.norm.raw <-- scenix.com /usr/local/www/scenix.com/ews4sxs2/collections/summary sum1844818453.norm.raw
99.02.03 17:16 B D:\ews4sxs2\collections\summary\sum1844818453.prx <-- scenix.com /usr/local/www/scenix.com/ews4sxs2/collections/summary sum1844818453.prx
99.02.03 17:16 B D:\ews4sxs2\collections\summary\sum1844818453.prx.map <-- scenix.com /usr/local/www/scenix.com/ews4sxs2/collections/summary sum1844818453.prx.map
99.02.03 17:16 B D:\ews4sxs2\collections\summary\sum1844818453.prx000 <-- scenix.com /usr/local/www/scenix.com/ews4sxs2/collections/summary sum1844818453.prx000
99.02.03 17:16 B D:\ews4sxs2\collections\summary\sum1844818453.ptr <-- scenix.com /usr/local/www/scenix.com/ews4sxs2/collections/summary sum1844818453.ptr
99.02.03 17:16 B D:\ews4sxs2\collections\summary\sum1844818453.sum <-- scenix.com /usr/local/www/scenix.com/ews4sxs2/collections/summary sum1844818453.sum
99.02.03 17:16 B D:\ews4sxs2\collections\summary\sum1844818453.tmp000 <-- scenix.com /usr/local/www/scenix.com/ews4sxs2/collections/summary sum1844818453.tmp000
99.02.03 17:16 B D:\ews4sxs2\collections\summary\sum1844818453.trp <-- scenix.com /usr/local/www/scenix.com/ews4sxs2/collections/summary sum1844818453.trp
99.02.03 17:16 B D:\ews4sxs2\collections\summary\sum19841988.dat <-- scenix.com /usr/local/www/scenix.com/ews4sxs2/collections/summary sum19841988.dat
99.02.03 17:16 B D:\ews4sxs2\collections\summary\sum19841988.idf <-- scenix.com /usr/local/www/scenix.com/ews4sxs2/collections/summary sum19841988.idf
99.02.03 17:16 B D:\ews4sxs2\collections\summary\sum19841988.info <-- scenix.com /usr/local/www/scenix.com/ews4sxs2/collections/summary sum19841988.info
99.02.03 17:16 B D:\ews4sxs2\collections\summary\sum19841988.key <-- scenix.com /usr/local/www/scenix.com/ews4sxs2/collections/summary sum19841988.key
99.02.03 17:16 B D:\ews4sxs2\collections\summary\sum19841988.norm <-- scenix.com /usr/local/www/scenix.com/ews4sxs2/collections/summary sum19841988.norm
99.02.03 17:16 B D:\ews4sxs2\collections\summary\sum19841988.norm.raw <-- scenix.com /usr/local/www/scenix.com/ews4sxs2/collections/summary sum19841988.norm.raw
99.02.03 17:16 B D:\ews4sxs2\collections\summary\sum19841988.prx <-- scenix.com /usr/local/www/scenix.com/ews4sxs2/collections/summary sum19841988.prx
99.02.03 17:16 B D:\ews4sxs2\collections\summary\sum19841988.prx.map <-- scenix.com /usr/local/www/scenix.com/ews4sxs2/collections/summary sum19841988.prx.map
99.02.03 17:16 B D:\ews4sxs2\collections\summary\sum19841988.prx000 <-- scenix.com /usr/local/www/scenix.com/ews4sxs2/collections/summary sum19841988.prx000
99.02.03 17:16 B D:\ews4sxs2\collections\summary\sum19841988.ptr <-- scenix.com /usr/local/www/scenix.com/ews4sxs2/collections/summary sum19841988.ptr
99.02.03 17:16 B D:\ews4sxs2\collections\summary\sum19841988.sum <-- scenix.com /usr/local/www/scenix.com/ews4sxs2/collections/summary sum19841988.sum
99.02.03 17:16 B D:\ews4sxs2\collections\summary\sum19841988.tmp000 <-- scenix.com /usr/local/www/scenix.com/ews4sxs2/collections/summary sum19841988.tmp000
99.02.03 17:16 B D:\ews4sxs2\collections\summary\sum19841988.trp <-- scenix.com /usr/local/www/scenix.com/ews4sxs2/collections/summary sum19841988.trp
99.02.03 17:16 B D:\ews4sxs2\collections\summary\sum20342038.dat <-- scenix.com /usr/local/www/scenix.com/ews4sxs2/collections/summary sum20342038.dat
99.02.03 17:16 B D:\ews4sxs2\collections\summary\sum20342038.idf <-- scenix.com /usr/local/www/scenix.com/ews4sxs2/collections/summary sum20342038.idf
99.02.03 17:16 B D:\ews4sxs2\collections\summary\sum20342038.info <-- scenix.com /usr/local/www/scenix.com/ews4sxs2/collections/summary sum20342038.info
99.02.03 17:16 B D:\ews4sxs2\collections\summary\sum20342038.key <-- scenix.com /usr/local/www/scenix.com/ews4sxs2/collections/summary sum20342038.key
99.02.03 17:16 B D:\ews4sxs2\collections\summary\sum20342038.norm <-- scenix.com /usr/local/www/scenix.com/ews4sxs2/collections/summary sum20342038.norm
99.02.03 17:16 B D:\ews4sxs2\collections\summary\sum20342038.norm.raw <-- scenix.com /usr/local/www/scenix.com/ews4sxs2/collections/summary sum20342038.norm.raw
99.02.03 17:16 B D:\ews4sxs2\collections\summary\sum20342038.prx <-- scenix.com /usr/local/www/scenix.com/ews4sxs2/collections/summary sum20342038.prx
99.02.03 17:16 B D:\ews4sxs2\collections\summary\sum20342038.prx.map <-- scenix.com /usr/local/www/scenix.com/ews4sxs2/collections/summary sum20342038.prx.map
99.02.03 17:16 B D:\ews4sxs2\collections\summary\sum20342038.prx000 <-- scenix.com /usr/local/www/scenix.com/ews4sxs2/collections/summary sum20342038.prx000
99.02.03 17:16 B D:\ews4sxs2\collections\summary\sum20342038.ptr <-- scenix.com /usr/local/www/scenix.com/ews4sxs2/collections/summary sum20342038.ptr
99.02.03 17:16 B D:\ews4sxs2\collections\summary\sum20342038.sum <-- scenix.com /usr/local/www/scenix.com/ews4sxs2/collections/summary sum20342038.sum
99.02.03 17:16 B D:\ews4sxs2\collections\summary\sum20342038.tmp000 <-- scenix.com /usr/local/www/scenix.com/ews4sxs2/collections/summary sum20342038.tmp000
99.02.03 17:16 B D:\ews4sxs2\collections\summary\sum20342038.trp <-- scenix.com /usr/local/www/scenix.com/ews4sxs2/collections/summary sum20342038.trp
99.02.03 17:16 B D:\ews4sxs2\collections\summary\sum20742078.dat <-- scenix.com /usr/local/www/scenix.com/ews4sxs2/collections/summary sum20742078.dat
99.02.03 17:17 B D:\ews4sxs2\collections\summary\sum20742078.idf <-- scenix.com /usr/local/www/scenix.com/ews4sxs2/collections/summary sum20742078.idf
99.02.03 17:17 B D:\ews4sxs2\collections\summary\sum20742078.info <-- scenix.com /usr/local/www/scenix.com/ews4sxs2/collections/summary sum20742078.info
99.02.03 17:17 B D:\ews4sxs2\collections\summary\sum20742078.key <-- scenix.com /usr/local/www/scenix.com/ews4sxs2/collections/summary sum20742078.key
99.02.03 17:17 B D:\ews4sxs2\collections\summary\sum20742078.norm <-- scenix.com /usr/local/www/scenix.com/ews4sxs2/collections/summary sum20742078.norm
99.02.03 17:17 B D:\ews4sxs2\collections\summary\sum20742078.norm.raw <-- scenix.com /usr/local/www/scenix.com/ews4sxs2/collections/summary sum20742078.norm.raw
99.02.03 17:17 B D:\ews4sxs2\collections\summary\sum20742078.prx <-- scenix.com /usr/local/www/scenix.com/ews4sxs2/collections/summary sum20742078.prx
99.02.03 17:17 B D:\ews4sxs2\collections\summary\sum20742078.prx.map <-- scenix.com /usr/local/www/scenix.com/ews4sxs2/collections/summary sum20742078.prx.map
99.02.03 17:17 B D:\ews4sxs2\collections\summary\sum20742078.prx000 <-- scenix.com /usr/local/www/scenix.com/ews4sxs2/collections/summary sum20742078.prx000
99.02.03 17:17 B D:\ews4sxs2\collections\summary\sum20742078.ptr <-- scenix.com /usr/local/www/scenix.com/ews4sxs2/collections/summary sum20742078.ptr
99.02.03 17:17 B D:\ews4sxs2\collections\summary\sum20742078.sum <-- scenix.com /usr/local/www/scenix.com/ews4sxs2/collections/summary sum20742078.sum
99.02.03 17:17 B D:\ews4sxs2\collections\summary\sum20742078.tmp000 <-- scenix.com /usr/local/www/scenix.com/ews4sxs2/collections/summary sum20742078.tmp000
99.02.03 17:17 B D:\ews4sxs2\collections\summary\sum20742078.trp <-- scenix.com /usr/local/www/scenix.com/ews4sxs2/collections/summary sum20742078.trp
99.02.03 17:17 B D:\ews4sxs2\collections\summary\sum2079420798.dat <-- scenix.com /usr/local/www/scenix.com/ews4sxs2/collections/summary sum2079420798.dat
99.02.03 17:17 B D:\ews4sxs2\collections\summary\sum2079420798.idf <-- scenix.com /usr/local/www/scenix.com/ews4sxs2/collections/summary sum2079420798.idf
99.02.03 17:17 B D:\ews4sxs2\collections\summary\sum2079420798.info <-- scenix.com /usr/local/www/scenix.com/ews4sxs2/collections/summary sum2079420798.info
99.02.03 17:17 B D:\ews4sxs2\collections\summary\sum2079420798.key <-- scenix.com /usr/local/www/scenix.com/ews4sxs2/collections/summary sum2079420798.key
99.02.03 17:17 B D:\ews4sxs2\collections\summary\sum2079420798.norm <-- scenix.com /usr/local/www/scenix.com/ews4sxs2/collections/summary sum2079420798.norm
99.02.03 17:17 B D:\ews4sxs2\collections\summary\sum2079420798.norm.raw <-- scenix.com /usr/local/www/scenix.com/ews4sxs2/collections/summary sum2079420798.norm.raw
99.02.03 17:17 B D:\ews4sxs2\collections\summary\sum2079420798.prx <-- scenix.com /usr/local/www/scenix.com/ews4sxs2/collections/summary sum2079420798.prx
99.02.03 17:17 B D:\ews4sxs2\collections\summary\sum2079420798.prx.map <-- scenix.com /usr/local/www/scenix.com/ews4sxs2/collections/summary sum2079420798.prx.map
99.02.03 17:17 B D:\ews4sxs2\collections\summary\sum2079420798.prx000 <-- scenix.com /usr/local/www/scenix.com/ews4sxs2/collections/summary sum2079420798.prx000
99.02.03 17:17 B D:\ews4sxs2\collections\summary\sum2079420798.ptr <-- scenix.com /usr/local/www/scenix.com/ews4sxs2/collections/summary sum2079420798.ptr
99.02.03 17:17 B D:\ews4sxs2\collections\summary\sum2079420798.sum <-- scenix.com /usr/local/www/scenix.com/ews4sxs2/collections/summary sum2079420798.sum
99.02.03 17:17 B D:\ews4sxs2\collections\summary\sum2079420798.tmp000 <-- scenix.com /usr/local/www/scenix.com/ews4sxs2/collections/summary sum2079420798.tmp000
99.02.03 17:17 B D:\ews4sxs2\collections\summary\sum2079420798.trp <-- scenix.com /usr/local/www/scenix.com/ews4sxs2/collections/summary sum2079420798.trp
99.02.03 17:17 B D:\ews4sxs2\collections\summary\sum21042108.dat <-- scenix.com /usr/local/www/scenix.com/ews4sxs2/collections/summary sum21042108.dat
99.02.03 17:17 B D:\ews4sxs2\collections\summary\sum21042108.idf <-- scenix.com /usr/local/www/scenix.com/ews4sxs2/collections/summary sum21042108.idf
99.02.03 17:17 B D:\ews4sxs2\collections\summary\sum21042108.info <-- scenix.com /usr/local/www/scenix.com/ews4sxs2/collections/summary sum21042108.info
99.02.03 17:17 B D:\ews4sxs2\collections\summary\sum21042108.key <-- scenix.com /usr/local/www/scenix.com/ews4sxs2/collections/summary sum21042108.key
99.02.03 17:17 B D:\ews4sxs2\collections\summary\sum21042108.norm <-- scenix.com /usr/local/www/scenix.com/ews4sxs2/collections/summary sum21042108.norm
99.02.03 17:17 B D:\ews4sxs2\collections\summary\sum21042108.norm.raw <-- scenix.com /usr/local/www/scenix.com/ews4sxs2/collections/summary sum21042108.norm.raw
99.02.03 17:17 B D:\ews4sxs2\collections\summary\sum21042108.prx <-- scenix.com /usr/local/www/scenix.com/ews4sxs2/collections/summary sum21042108.prx
99.02.03 17:17 B D:\ews4sxs2\collections\summary\sum21042108.prx.map <-- scenix.com /usr/local/www/scenix.com/ews4sxs2/collections/summary sum21042108.prx.map
99.02.03 17:17 B D:\ews4sxs2\collections\summary\sum21042108.prx000 <-- scenix.com /usr/local/www/scenix.com/ews4sxs2/collections/summary sum21042108.prx000
99.02.03 17:17 B D:\ews4sxs2\collections\summary\sum21042108.ptr <-- scenix.com /usr/local/www/scenix.com/ews4sxs2/collections/summary sum21042108.ptr
99.02.03 17:17 B D:\ews4sxs2\collections\summary\sum21042108.sum <-- scenix.com /usr/local/www/scenix.com/ews4sxs2/collections/summary sum21042108.sum
99.02.03 17:17 B D:\ews4sxs2\collections\summary\sum21042108.tmp000 <-- scenix.com /usr/local/www/scenix.com/ews4sxs2/collections/summary sum21042108.tmp000
99.02.03 17:17 B D:\ews4sxs2\collections\summary\sum21042108.trp <-- scenix.com /usr/local/www/scenix.com/ews4sxs2/collections/summary sum21042108.trp
99.02.03 17:17 B D:\ews4sxs2\collections\summary\sum21342138.dat <-- scenix.com /usr/local/www/scenix.com/ews4sxs2/collections/summary sum21342138.dat
99.02.03 17:17 B D:\ews4sxs2\collections\summary\sum21342138.idf <-- scenix.com /usr/local/www/scenix.com/ews4sxs2/collections/summary sum21342138.idf
99.02.03 17:17 B D:\ews4sxs2\collections\summary\sum21342138.info <-- scenix.com /usr/local/www/scenix.com/ews4sxs2/collections/summary sum21342138.info
99.02.03 17:17 B D:\ews4sxs2\collections\summary\sum21342138.key <-- scenix.com /usr/local/www/scenix.com/ews4sxs2/collections/summary sum21342138.key
99.02.03 17:17 B D:\ews4sxs2\collections\summary\sum21342138.norm <-- scenix.com /usr/local/www/scenix.com/ews4sxs2/collections/summary sum21342138.norm
99.02.03 17:17 B D:\ews4sxs2\collections\summary\sum21342138.norm.raw <-- scenix.com /usr/local/www/scenix.com/ews4sxs2/collections/summary sum21342138.norm.raw
99.02.03 17:17 B D:\ews4sxs2\collections\summary\sum21342138.prx <-- scenix.com /usr/local/www/scenix.com/ews4sxs2/collections/summary sum21342138.prx
99.02.03 17:17 B D:\ews4sxs2\collections\summary\sum21342138.prx.map <-- scenix.com /usr/local/www/scenix.com/ews4sxs2/collections/summary sum21342138.prx.map
99.02.03 17:17 B D:\ews4sxs2\collections\summary\sum21342138.prx000 <-- scenix.com /usr/local/www/scenix.com/ews4sxs2/collections/summary sum21342138.prx000
99.02.03 17:17 B D:\ews4sxs2\collections\summary\sum21342138.ptr <-- scenix.com /usr/local/www/scenix.com/ews4sxs2/collections/summary sum21342138.ptr
99.02.03 17:17 B D:\ews4sxs2\collections\summary\sum21342138.sum <-- scenix.com /usr/local/www/scenix.com/ews4sxs2/collections/summary sum21342138.sum
99.02.03 17:17 B D:\ews4sxs2\collections\summary\sum21342138.tmp000 <-- scenix.com /usr/local/www/scenix.com/ews4sxs2/collections/summary sum21342138.tmp000
99.02.03 17:17 B D:\ews4sxs2\collections\summary\sum21342138.trp <-- scenix.com /usr/local/www/scenix.com/ews4sxs2/collections/summary sum21342138.trp
99.02.03 17:17 B D:\ews4sxs2\collections\summary\sum2158021584.dat <-- scenix.com /usr/local/www/scenix.com/ews4sxs2/collections/summary sum2158021584.dat
99.02.03 17:17 B D:\ews4sxs2\collections\summary\sum2158021584.idf <-- scenix.com /usr/local/www/scenix.com/ews4sxs2/collections/summary sum2158021584.idf
99.02.03 17:17 B D:\ews4sxs2\collections\summary\sum2158021584.info <-- scenix.com /usr/local/www/scenix.com/ews4sxs2/collections/summary sum2158021584.info
99.02.03 17:17 B D:\ews4sxs2\collections\summary\sum2158021584.key <-- scenix.com /usr/local/www/scenix.com/ews4sxs2/collections/summary sum2158021584.key
99.02.03 17:17 B D:\ews4sxs2\collections\summary\sum2158021584.norm <-- scenix.com /usr/local/www/scenix.com/ews4sxs2/collections/summary sum2158021584.norm
99.02.03 17:17 B D:\ews4sxs2\collections\summary\sum2158021584.norm.raw <-- scenix.com /usr/local/www/scenix.com/ews4sxs2/collections/summary sum2158021584.norm.raw
99.02.03 17:17 B D:\ews4sxs2\collections\summary\sum2158021584.prx <-- scenix.com /usr/local/www/scenix.com/ews4sxs2/collections/summary sum2158021584.prx
99.02.03 17:17 B D:\ews4sxs2\collections\summary\sum2158021584.prx.map <-- scenix.com /usr/local/www/scenix.com/ews4sxs2/collections/summary sum2158021584.prx.map
99.02.03 17:17 B D:\ews4sxs2\collections\summary\sum2158021584.prx000 <-- scenix.com /usr/local/www/scenix.com/ews4sxs2/collections/summary sum2158021584.prx000
99.02.03 17:17 B D:\ews4sxs2\collections\summary\sum2158021584.ptr <-- scenix.com /usr/local/www/scenix.com/ews4sxs2/collections/summary sum2158021584.ptr
99.02.03 17:17 B D:\ews4sxs2\collections\summary\sum2158021584.sum <-- scenix.com /usr/local/www/scenix.com/ews4sxs2/collections/summary sum2158021584.sum
99.02.03 17:17 B D:\ews4sxs2\collections\summary\sum2158021584.tmp000 <-- scenix.com /usr/local/www/scenix.com/ews4sxs2/collections/summary sum2158021584.tmp000
99.02.03 17:17 B D:\ews4sxs2\collections\summary\sum2158021584.trp <-- scenix.com /usr/local/www/scenix.com/ews4sxs2/collections/summary sum2158021584.trp
99.02.03 17:17 B D:\ews4sxs2\collections\summary\sum2160321607.dat <-- scenix.com /usr/local/www/scenix.com/ews4sxs2/collections/summary sum2160321607.dat
99.02.03 17:17 B D:\ews4sxs2\collections\summary\sum2160321607.idf <-- scenix.com /usr/local/www/scenix.com/ews4sxs2/collections/summary sum2160321607.idf
99.02.03 17:17 B D:\ews4sxs2\collections\summary\sum2160321607.info <-- scenix.com /usr/local/www/scenix.com/ews4sxs2/collections/summary sum2160321607.info
99.02.03 17:17 B D:\ews4sxs2\collections\summary\sum2160321607.key <-- scenix.com /usr/local/www/scenix.com/ews4sxs2/collections/summary sum2160321607.key
99.02.03 17:17 B D:\ews4sxs2\collections\summary\sum2160321607.norm <-- scenix.com /usr/local/www/scenix.com/ews4sxs2/collections/summary sum2160321607.norm
99.02.03 17:17 B D:\ews4sxs2\collections\summary\sum2160321607.norm.raw <-- scenix.com /usr/local/www/scenix.com/ews4sxs2/collections/summary sum2160321607.norm.raw
99.02.03 17:17 B D:\ews4sxs2\collections\summary\sum2160321607.prx <-- scenix.com /usr/local/www/scenix.com/ews4sxs2/collections/summary sum2160321607.prx
99.02.03 17:17 B D:\ews4sxs2\collections\summary\sum2160321607.prx.map <-- scenix.com /usr/local/www/scenix.com/ews4sxs2/collections/summary sum2160321607.prx.map
99.02.03 17:17 B D:\ews4sxs2\collections\summary\sum2160321607.prx000 <-- scenix.com /usr/local/www/scenix.com/ews4sxs2/collections/summary sum2160321607.prx000
99.02.03 17:17 B D:\ews4sxs2\collections\summary\sum2160321607.ptr <-- scenix.com /usr/local/www/scenix.com/ews4sxs2/collections/summary sum2160321607.ptr
99.02.03 17:17 B D:\ews4sxs2\collections\summary\sum2160321607.sum <-- scenix.com /usr/local/www/scenix.com/ews4sxs2/collections/summary sum2160321607.sum
99.02.03 17:17 B D:\ews4sxs2\collections\summary\sum2160321607.tmp000 <-- scenix.com /usr/local/www/scenix.com/ews4sxs2/collections/summary sum2160321607.tmp000
99.02.03 17:17 B D:\ews4sxs2\collections\summary\sum2160321607.trp <-- scenix.com /usr/local/www/scenix.com/ews4sxs2/collections/summary sum2160321607.trp
99.02.03 17:17 B D:\ews4sxs2\collections\summary\sum2161721621.dat <-- scenix.com /usr/local/www/scenix.com/ews4sxs2/collections/summary sum2161721621.dat
99.02.03 17:17 B D:\ews4sxs2\collections\summary\sum2161721621.idf <-- scenix.com /usr/local/www/scenix.com/ews4sxs2/collections/summary sum2161721621.idf
99.02.03 17:17 B D:\ews4sxs2\collections\summary\sum2161721621.info <-- scenix.com /usr/local/www/scenix.com/ews4sxs2/collections/summary sum2161721621.info
99.02.03 17:17 B D:\ews4sxs2\collections\summary\sum2161721621.key <-- scenix.com /usr/local/www/scenix.com/ews4sxs2/collections/summary sum2161721621.key
99.02.03 17:17 B D:\ews4sxs2\collections\summary\sum2161721621.norm <-- scenix.com /usr/local/www/scenix.com/ews4sxs2/collections/summary sum2161721621.norm
99.02.03 17:17 B D:\ews4sxs2\collections\summary\sum2161721621.norm.raw <-- scenix.com /usr/local/www/scenix.com/ews4sxs2/collections/summary sum2161721621.norm.raw
99.02.03 17:17 B D:\ews4sxs2\collections\summary\sum2161721621.prx <-- scenix.com /usr/local/www/scenix.com/ews4sxs2/collections/summary sum2161721621.prx
99.02.03 17:17 B D:\ews4sxs2\collections\summary\sum2161721621.prx.map <-- scenix.com /usr/local/www/scenix.com/ews4sxs2/collections/summary sum2161721621.prx.map
99.02.03 17:17 B D:\ews4sxs2\collections\summary\sum2161721621.prx000 <-- scenix.com /usr/local/www/scenix.com/ews4sxs2/collections/summary sum2161721621.prx000
99.02.03 17:17 B D:\ews4sxs2\collections\summary\sum2161721621.ptr <-- scenix.com /usr/local/www/scenix.com/ews4sxs2/collections/summary sum2161721621.ptr
99.02.03 17:17 B D:\ews4sxs2\collections\summary\sum2161721621.sum <-- scenix.com /usr/local/www/scenix.com/ews4sxs2/collections/summary sum2161721621.sum
99.02.03 17:17 B D:\ews4sxs2\collections\summary\sum2161721621.tmp000 <-- scenix.com /usr/local/www/scenix.com/ews4sxs2/collections/summary sum2161721621.tmp000
99.02.03 17:17 B D:\ews4sxs2\collections\summary\sum2161721621.trp <-- scenix.com /usr/local/www/scenix.com/ews4sxs2/collections/summary sum2161721621.trp
99.02.03 17:17 B D:\ews4sxs2\collections\summary\sum2168721691.dat <-- scenix.com /usr/local/www/scenix.com/ews4sxs2/collections/summary sum2168721691.dat
99.02.03 17:17 B D:\ews4sxs2\collections\summary\sum2168721691.idf <-- scenix.com /usr/local/www/scenix.com/ews4sxs2/collections/summary sum2168721691.idf
99.02.03 17:17 B D:\ews4sxs2\collections\summary\sum2168721691.info <-- scenix.com /usr/local/www/scenix.com/ews4sxs2/collections/summary sum2168721691.info
99.02.03 17:17 B D:\ews4sxs2\collections\summary\sum2168721691.key <-- scenix.com /usr/local/www/scenix.com/ews4sxs2/collections/summary sum2168721691.key
99.02.03 17:17 B D:\ews4sxs2\collections\summary\sum2168721691.norm <-- scenix.com /usr/local/www/scenix.com/ews4sxs2/collections/summary sum2168721691.norm
99.02.03 17:17 B D:\ews4sxs2\collections\summary\sum2168721691.norm.raw <-- scenix.com /usr/local/www/scenix.com/ews4sxs2/collections/summary sum2168721691.norm.raw
99.02.03 17:17 B D:\ews4sxs2\collections\summary\sum2168721691.prx <-- scenix.com /usr/local/www/scenix.com/ews4sxs2/collections/summary sum2168721691.prx
99.02.03 17:17 B D:\ews4sxs2\collections\summary\sum2168721691.prx.map <-- scenix.com /usr/local/www/scenix.com/ews4sxs2/collections/summary sum2168721691.prx.map
99.02.03 17:17 B D:\ews4sxs2\collections\summary\sum2168721691.prx000 <-- scenix.com /usr/local/www/scenix.com/ews4sxs2/collections/summary sum2168721691.prx000
99.02.03 17:17 B D:\ews4sxs2\collections\summary\sum2168721691.ptr <-- scenix.com /usr/local/www/scenix.com/ews4sxs2/collections/summary sum2168721691.ptr
99.02.03 17:17 B D:\ews4sxs2\collections\summary\sum2168721691.sum <-- scenix.com /usr/local/www/scenix.com/ews4sxs2/collections/summary sum2168721691.sum
99.02.03 17:17 B D:\ews4sxs2\collections\summary\sum2168721691.tmp000 <-- scenix.com /usr/local/www/scenix.com/ews4sxs2/collections/summary sum2168721691.tmp000
99.02.03 17:17 B D:\ews4sxs2\collections\summary\sum2168721691.trp <-- scenix.com /usr/local/www/scenix.com/ews4sxs2/collections/summary sum2168721691.trp
99.02.03 17:17 B D:\ews4sxs2\collections\summary\sum2670626711.dat <-- scenix.com /usr/local/www/scenix.com/ews4sxs2/collections/summary sum2670626711.dat
99.02.03 17:17 B D:\ews4sxs2\collections\summary\sum2670626711.idf <-- scenix.com /usr/local/www/scenix.com/ews4sxs2/collections/summary sum2670626711.idf
99.02.03 17:17 B D:\ews4sxs2\collections\summary\sum2670626711.info <-- scenix.com /usr/local/www/scenix.com/ews4sxs2/collections/summary sum2670626711.info
99.02.03 17:17 B D:\ews4sxs2\collections\summary\sum2670626711.key <-- scenix.com /usr/local/www/scenix.com/ews4sxs2/collections/summary sum2670626711.key
99.02.03 17:17 B D:\ews4sxs2\collections\summary\sum2670626711.norm <-- scenix.com /usr/local/www/scenix.com/ews4sxs2/collections/summary sum2670626711.norm
99.02.03 17:17 B D:\ews4sxs2\collections\summary\sum2670626711.norm.raw <-- scenix.com /usr/local/www/scenix.com/ews4sxs2/collections/summary sum2670626711.norm.raw
99.02.03 17:17 B D:\ews4sxs2\collections\summary\sum2670626711.prx <-- scenix.com /usr/local/www/scenix.com/ews4sxs2/collections/summary sum2670626711.prx
99.02.03 17:17 B D:\ews4sxs2\collections\summary\sum2670626711.prx.map <-- scenix.com /usr/local/www/scenix.com/ews4sxs2/collections/summary sum2670626711.prx.map
99.02.03 17:17 B D:\ews4sxs2\collections\summary\sum2670626711.prx000 <-- scenix.com /usr/local/www/scenix.com/ews4sxs2/collections/summary sum2670626711.prx000
99.02.03 17:17 B D:\ews4sxs2\collections\summary\sum2670626711.ptr <-- scenix.com /usr/local/www/scenix.com/ews4sxs2/collections/summary sum2670626711.ptr
99.02.03 17:17 B D:\ews4sxs2\collections\summary\sum2670626711.sum <-- scenix.com /usr/local/www/scenix.com/ews4sxs2/collections/summary sum2670626711.sum
99.02.03 17:17 B D:\ews4sxs2\collections\summary\sum2670626711.tmp000 <-- scenix.com /usr/local/www/scenix.com/ews4sxs2/collections/summary sum2670626711.tmp000
99.02.03 17:17 B D:\ews4sxs2\collections\summary\sum2670626711.trp <-- scenix.com /usr/local/www/scenix.com/ews4sxs2/collections/summary sum2670626711.trp
99.02.03 17:17 B D:\ews4sxs2\collections\summary\sum2671626720.dat <-- scenix.com /usr/local/www/scenix.com/ews4sxs2/collections/summary sum2671626720.dat
99.02.03 17:17 B D:\ews4sxs2\collections\summary\sum2671626720.idf <-- scenix.com /usr/local/www/scenix.com/ews4sxs2/collections/summary sum2671626720.idf
99.02.03 17:17 B D:\ews4sxs2\collections\summary\sum2671626720.info <-- scenix.com /usr/local/www/scenix.com/ews4sxs2/collections/summary sum2671626720.info
99.02.03 17:17 B D:\ews4sxs2\collections\summary\sum2671626720.key <-- scenix.com /usr/local/www/scenix.com/ews4sxs2/collections/summary sum2671626720.key
99.02.03 17:17 B D:\ews4sxs2\collections\summary\sum2671626720.norm <-- scenix.com /usr/local/www/scenix.com/ews4sxs2/collections/summary sum2671626720.norm
99.02.03 17:17 B D:\ews4sxs2\collections\summary\sum2671626720.norm.raw <-- scenix.com /usr/local/www/scenix.com/ews4sxs2/collections/summary sum2671626720.norm.raw
99.02.03 17:17 B D:\ews4sxs2\collections\summary\sum2671626720.prx <-- scenix.com /usr/local/www/scenix.com/ews4sxs2/collections/summary sum2671626720.prx
99.02.03 17:17 B D:\ews4sxs2\collections\summary\sum2671626720.prx.map <-- scenix.com /usr/local/www/scenix.com/ews4sxs2/collections/summary sum2671626720.prx.map
99.02.03 17:17 B D:\ews4sxs2\collections\summary\sum2671626720.prx000 <-- scenix.com /usr/local/www/scenix.com/ews4sxs2/collections/summary sum2671626720.prx000
99.02.03 17:17 B D:\ews4sxs2\collections\summary\sum2671626720.ptr <-- scenix.com /usr/local/www/scenix.com/ews4sxs2/collections/summary sum2671626720.ptr
99.02.03 17:17 B D:\ews4sxs2\collections\summary\sum2671626720.sum <-- scenix.com /usr/local/www/scenix.com/ews4sxs2/collections/summary sum2671626720.sum
99.02.03 17:17 B D:\ews4sxs2\collections\summary\sum2671626720.tmp000 <-- scenix.com /usr/local/www/scenix.com/ews4sxs2/collections/summary sum2671626720.tmp000
99.02.03 17:17 B D:\ews4sxs2\collections\summary\sum2671626720.trp <-- scenix.com /usr/local/www/scenix.com/ews4sxs2/collections/summary sum2671626720.trp
99.02.03 17:17 B D:\ews4sxs2\collections\summary\sum2825228256.dat <-- scenix.com /usr/local/www/scenix.com/ews4sxs2/collections/summary sum2825228256.dat
99.02.03 17:17 B D:\ews4sxs2\collections\summary\sum2825228256.idf <-- scenix.com /usr/local/www/scenix.com/ews4sxs2/collections/summary sum2825228256.idf
99.02.03 17:17 B D:\ews4sxs2\collections\summary\sum2825228256.info <-- scenix.com /usr/local/www/scenix.com/ews4sxs2/collections/summary sum2825228256.info
99.02.03 17:17 B D:\ews4sxs2\collections\summary\sum2825228256.key <-- scenix.com /usr/local/www/scenix.com/ews4sxs2/collections/summary sum2825228256.key
99.02.03 17:17 B D:\ews4sxs2\collections\summary\sum2825228256.norm <-- scenix.com /usr/local/www/scenix.com/ews4sxs2/collections/summary sum2825228256.norm
99.02.03 17:17 B D:\ews4sxs2\collections\summary\sum2825228256.norm.raw <-- scenix.com /usr/local/www/scenix.com/ews4sxs2/collections/summary sum2825228256.norm.raw
99.02.03 17:17 B D:\ews4sxs2\collections\summary\sum2825228256.prx <-- scenix.com /usr/local/www/scenix.com/ews4sxs2/collections/summary sum2825228256.prx
99.02.03 17:17 B D:\ews4sxs2\collections\summary\sum2825228256.prx.map <-- scenix.com /usr/local/www/scenix.com/ews4sxs2/collections/summary sum2825228256.prx.map
99.02.03 17:17 B D:\ews4sxs2\collections\summary\sum2825228256.prx000 <-- scenix.com /usr/local/www/scenix.com/ews4sxs2/collections/summary sum2825228256.prx000
99.02.03 17:17 B D:\ews4sxs2\collections\summary\sum2825228256.ptr <-- scenix.com /usr/local/www/scenix.com/ews4sxs2/collections/summary sum2825228256.ptr
99.02.03 17:17 B D:\ews4sxs2\collections\summary\sum2825228256.sum <-- scenix.com /usr/local/www/scenix.com/ews4sxs2/collections/summary sum2825228256.sum
99.02.03 17:17 B D:\ews4sxs2\collections\summary\sum2825228256.tmp000 <-- scenix.com /usr/local/www/scenix.com/ews4sxs2/collections/summary sum2825228256.tmp000
99.02.03 17:17 B D:\ews4sxs2\collections\summary\sum2825228256.trp <-- scenix.com /usr/local/www/scenix.com/ews4sxs2/collections/summary sum2825228256.trp
