Building document index...
Indexing(Doc) /usr/local/www/scenix.com/support...
Indexing(Doc) /usr/local/www/scenix.com/support/training...
Indexing(Doc) /usr/local/www/scenix.com/support/training/index.html...
Indexed(Doc) /usr/local/www/scenix.com/support/training/index.html
Indexing(Doc) /usr/local/www/scenix.com/support/bbs...
Indexing(Doc) /usr/local/www/scenix.com/support/bbs/attach...
Indexing(Doc) /usr/local/www/scenix.com/support/bbs/attach/cgi-lib.28675.1...
Indexing(Doc) /usr/local/www/scenix.com/support/bbs/attach/cgi-lib.28680.1...
Indexing(Doc) /usr/local/www/scenix.com/support/bbs/attach/cgi-lib.29558.1...
Indexing(Doc) /usr/local/www/scenix.com/support/bbs/attach/techsupp-000006-000000.bin...
Indexing(Doc) /usr/local/www/scenix.com/support/bbs/attach/cgi-lib.16199.1...
Indexing(Doc) /usr/local/www/scenix.com/support/bbs/attach/cgi-lib.3752.1...
Indexing(Doc) /usr/local/www/scenix.com/support/bbs/attach/cgi-lib.8040.1...
Indexing(Doc) /usr/local/www/scenix.com/support/bbs/attach/cgi-lib.6501.1...
Indexing(Doc) /usr/local/www/scenix.com/support/bbs/attach/cgi-lib.22508.1...
Indexing(Doc) /usr/local/www/scenix.com/support/bbs/attach/cgi-lib.27262.1...
Indexing(Doc) /usr/local/www/scenix.com/support/bbs/attach/techsupp-000046-000044.bin...
Indexing(Doc) /usr/local/www/scenix.com/support/bbs/attach/cgi-lib.6067.1...
Indexing(Doc) /usr/local/www/scenix.com/support/bbs/attach/techsupp-000047-000000.bin...
Indexing(Doc) /usr/local/www/scenix.com/support/bbs/attach/cgi-lib.12508.1...
Indexing(Doc) /usr/local/www/scenix.com/support/bbs/attach/cgi-lib.18918.1...
Indexing(Doc) /usr/local/www/scenix.com/support/bbs/attach/cgi-lib.20765.1...
Indexing(Doc) /usr/local/www/scenix.com/support/bbs/attach/cgi-lib.22145.1...
Indexing(Doc) /usr/local/www/scenix.com/support/bbs/attach/techsupp-000063-000000.bin...
Indexing(Doc) /usr/local/www/scenix.com/support/bbs/attach/cgi-lib.20425.1...
Indexing(Doc) /usr/local/www/scenix.com/support/bbs/attach/cgi-lib.25506.1...
Indexing(Doc) /usr/local/www/scenix.com/support/bbs/new.index.html...
Indexed(Doc) /usr/local/www/scenix.com/support/bbs/new.index.html
Indexing(Doc) /usr/local/www/scenix.com/support/bbs/gifs...
Indexing(Doc) /usr/local/www/scenix.com/support/bbs/gifs/message_archive_top.gif...
/usr/local/www/scenix.com/support/bbs/gifs/message_archive_top.gif matches regexp \.gif$ - Excluded.
Indexing(Doc) /usr/local/www/scenix.com/support/bbs/gifs/post.gif...
/usr/local/www/scenix.com/support/bbs/gifs/post.gif matches regexp \.gif$ - Excluded.
Indexing(Doc) /usr/local/www/scenix.com/support/bbs/gifs/post_a_reply.gif...
/usr/local/www/scenix.com/support/bbs/gifs/post_a_reply.gif matches regexp \.gif$ - Excluded.
Indexing(Doc) /usr/local/www/scenix.com/support/bbs/gifs/read.gif...
/usr/local/www/scenix.com/support/bbs/gifs/read.gif matches regexp \.gif$ - Excluded.
Indexing(Doc) /usr/local/www/scenix.com/support/bbs/Library...
Indexing(Doc) /usr/local/www/scenix.com/support/bbs/Library/auth-extra-html.pl...
Indexed(Doc) /usr/local/www/scenix.com/support/bbs/Library/auth-extra-html.pl
Indexing(Doc) /usr/local/www/scenix.com/support/bbs/Library/auth-extra-lib.pl...
Indexing(Doc) /usr/local/www/scenix.com/support/bbs/Library/auth-lib-fail-html.pl...
Indexed(Doc) /usr/local/www/scenix.com/support/bbs/Library/auth-lib-fail-html.pl
Indexing(Doc) /usr/local/www/scenix.com/support/bbs/Library/auth-lib.pl...
Indexing(Doc) /usr/local/www/scenix.com/support/bbs/Library/auth-server-lib.pl...
Indexing(Doc) /usr/local/www/scenix.com/support/bbs/Library/auth.setup...
Indexing(Doc) /usr/local/www/scenix.com/support/bbs/Library/cgi-lib.pl...
Indexing(Doc) /usr/local/www/scenix.com/support/bbs/Library/mail-lib.pl...
Indexing(Doc) /usr/local/www/scenix.com/support/bbs/Sessions...
Indexing(Doc) /usr/local/www/scenix.com/support/bbs/Sessions/36a4bf7a223d95a1.dat...
Indexing(Doc) /usr/local/www/scenix.com/support/bbs/Sessions/36a6169c31b1055f.dat...
Indexing(Doc) /usr/local/www/scenix.com/support/bbs/Sessions/36a644b634056851.dat...
Indexing(Doc) /usr/local/www/scenix.com/support/bbs/Sessions/36a57ae12c1a3ec7.dat...
Indexing(Doc) /usr/local/www/scenix.com/support/bbs/Sessions/36a57aeb2c1b3ec7.dat...
Indexing(Doc) /usr/local/www/scenix.com/support/bbs/Sessions/36a594312cc43817.dat...
Indexing(Doc) /usr/local/www/scenix.com/support/bbs/Sessions/36a6170531b2dc3f.dat...
Indexing(Doc) /usr/local/www/scenix.com/support/bbs/Sessions/36a620f0323305ea.dat...
Indexing(Doc) /usr/local/www/scenix.com/support/bbs/Sessions/36a64626341fce3a.dat...
Indexing(Doc) /usr/local/www/scenix.com/support/bbs/Sessions/36a65eb635998c25.dat...
Indexing(Doc) /usr/local/www/scenix.com/support/bbs/Sessions/36a3d21f19081166.dat...
Indexing(Doc) /usr/local/www/scenix.com/support/bbs/Sessions/36a3d6d11947c0bf.dat...
Indexing(Doc) /usr/local/www/scenix.com/support/bbs/Sessions/36a3d81f1952ca46.dat...
Indexing(Doc) /usr/local/www/scenix.com/support/bbs/Sessions/36a3d837195847e2.dat...
Indexing(Doc) /usr/local/www/scenix.com/support/bbs/Sessions/36a3ecf01a4ed0b0.dat...
Indexing(Doc) /usr/local/www/scenix.com/support/bbs/Sessions/36a3ed081a4f7853.dat...
Indexing(Doc) /usr/local/www/scenix.com/support/bbs/Sessions/36a3ef771a5c29ed.dat...
Indexing(Doc) /usr/local/www/scenix.com/support/bbs/Sessions/36a40dda1b8a7935.dat...
Indexing(Doc) /usr/local/www/scenix.com/support/bbs/Sessions/36a44cfe1ce07a42.dat...
Indexing(Doc) /usr/local/www/scenix.com/support/bbs/Sessions/36a4c287226a6169.dat...
Indexing(Doc) /usr/local/www/scenix.com/support/bbs/Sessions/36a4cb822329618f.dat...
Indexing(Doc) /usr/local/www/scenix.com/support/bbs/Sessions/36a4d7df2409aab9.dat...
Indexing(Doc) /usr/local/www/scenix.com/support/bbs/Sessions/36a5132427c27030.dat...
Indexing(Doc) /usr/local/www/scenix.com/support/bbs/Sessions/36a513b427c3323d.dat...
Indexing(Doc) /usr/local/www/scenix.com/support/bbs/Sessions/36a5152027f11ebd.dat...
Indexing(Doc) /usr/local/www/scenix.com/support/bbs/Sessions/36a526ff28bc597e.dat...
Indexing(Doc) /usr/local/www/scenix.com/support/bbs/techsupp...
Indexing(Doc) /usr/local/www/scenix.com/support/bbs/techsupp/000001-000000.msg...
Indexing(Doc) /usr/local/www/scenix.com/support/bbs/techsupp/000010-000007.msg...
Indexing(Doc) /usr/local/www/scenix.com/support/bbs/techsupp/000003-000000.msg...
Indexing(Doc) /usr/local/www/scenix.com/support/bbs/techsupp/000004-000003.msg...
Indexing(Doc) /usr/local/www/scenix.com/support/bbs/techsupp/000011-000000.msg...
Indexing(Doc) /usr/local/www/scenix.com/support/bbs/techsupp/000006-000000.msg...
Indexing(Doc) /usr/local/www/scenix.com/support/bbs/techsupp/000007-000000.msg...
Indexing(Doc) /usr/local/www/scenix.com/support/bbs/techsupp/000008-000003.msg...
Indexing(Doc) /usr/local/www/scenix.com/support/bbs/techsupp/000009-000008.msg...
Indexing(Doc) /usr/local/www/scenix.com/support/bbs/techsupp/000014-000013.msg...
Indexing(Doc) /usr/local/www/scenix.com/support/bbs/techsupp/000013-000000.msg...
Indexing(Doc) /usr/local/www/scenix.com/support/bbs/techsupp/000015-000011.msg...
Indexing(Doc) /usr/local/www/scenix.com/support/bbs/techsupp/000016-000000.msg...
Indexing(Doc) /usr/local/www/scenix.com/support/bbs/techsupp/000017-000016.msg...
Indexing(Doc) /usr/local/www/scenix.com/support/bbs/techsupp/000018-000000.msg...
Indexing(Doc) /usr/local/www/scenix.com/support/bbs/techsupp/000019-000018.msg...
Indexing(Doc) /usr/local/www/scenix.com/support/bbs/techsupp/000020-000000.msg...
Indexing(Doc) /usr/local/www/scenix.com/support/bbs/techsupp/000021-000020.msg...
Indexing(Doc) /usr/local/www/scenix.com/support/bbs/techsupp/000022-000021.msg...
Indexing(Doc) /usr/local/www/scenix.com/support/bbs/techsupp/000023-000000.msg...
Indexing(Doc) /usr/local/www/scenix.com/support/bbs/techsupp/000024-000000.msg...
Indexing(Doc) /usr/local/www/scenix.com/support/bbs/techsupp/000025-000023.msg...
Indexing(Doc) /usr/local/www/scenix.com/support/bbs/techsupp/000026-000024.msg...
Indexing(Doc) /usr/local/www/scenix.com/support/bbs/techsupp/000027-000000.msg...
Indexing(Doc) /usr/local/www/scenix.com/support/bbs/techsupp/000028-000027.msg...
Indexing(Doc) /usr/local/www/scenix.com/support/bbs/techsupp/000029-000000.msg...
Indexing(Doc) /usr/local/www/scenix.com/support/bbs/techsupp/000030-000001.msg...
Indexing(Doc) /usr/local/www/scenix.com/support/bbs/techsupp/000031-000030.msg...
Indexing(Doc) /usr/local/www/scenix.com/support/bbs/techsupp/000032-000000.msg...
Indexing(Doc) /usr/local/www/scenix.com/support/bbs/techsupp/000033-000000.msg...
Indexing(Doc) /usr/local/www/scenix.com/support/bbs/techsupp/000050-000043.msg...
Indexing(Doc) /usr/local/www/scenix.com/support/bbs/techsupp/000051-000048.msg...
Indexing(Doc) /usr/local/www/scenix.com/support/bbs/techsupp/000036-000000.msg...
Indexing(Doc) /usr/local/www/scenix.com/support/bbs/techsupp/000037-000000.msg...
Indexing(Doc) /usr/local/www/scenix.com/support/bbs/techsupp/000038-000000.msg...
Indexing(Doc) /usr/local/www/scenix.com/support/bbs/techsupp/000039-000000.msg...
Indexing(Doc) /usr/local/www/scenix.com/support/bbs/techsupp/000040-000039.msg...
Indexing(Doc) /usr/local/www/scenix.com/support/bbs/techsupp/000041-000040.msg...
Indexing(Doc) /usr/local/www/scenix.com/support/bbs/techsupp/000042-000037.msg...
Indexing(Doc) /usr/local/www/scenix.com/support/bbs/techsupp/000043-000038.msg...
Indexing(Doc) /usr/local/www/scenix.com/support/bbs/techsupp/000044-000000.msg...
Indexing(Doc) /usr/local/www/scenix.com/support/bbs/techsupp/000045-000036.msg...
Indexing(Doc) /usr/local/www/scenix.com/support/bbs/techsupp/000046-000044.msg...
Indexing(Doc) /usr/local/www/scenix.com/support/bbs/techsupp/000046-000044.attach...
Indexing(Doc) /usr/local/www/scenix.com/support/bbs/techsupp/000047-000000.msg...
Indexing(Doc) /usr/local/www/scenix.com/support/bbs/techsupp/000047-000000.attach...
Indexing(Doc) /usr/local/www/scenix.com/support/bbs/techsupp/000048-000047.msg...
Indexing(Doc) /usr/local/www/scenix.com/support/bbs/techsupp/000049-000015.msg...
Indexing(Doc) /usr/local/www/scenix.com/support/bbs/techsupp/000052-000000.msg...
Indexing(Doc) /usr/local/www/scenix.com/support/bbs/techsupp/000057-000000.msg...
Indexing(Doc) /usr/local/www/scenix.com/support/bbs/techsupp/000058-000057.msg...
Indexing(Doc) /usr/local/www/scenix.com/support/bbs/techsupp/000059-000000.msg...
Indexing(Doc) /usr/local/www/scenix.com/support/bbs/techsupp/000056-000052.msg...
Indexing(Doc) /usr/local/www/scenix.com/support/bbs/techsupp/000060-000000.msg...
Indexing(Doc) /usr/local/www/scenix.com/support/bbs/techsupp/000063-000000.msg...
Indexing(Doc) /usr/local/www/scenix.com/support/bbs/techsupp/000062-000060.msg...
Indexing(Doc) /usr/local/www/scenix.com/support/bbs/techsupp/000063-000000.attach...
Indexing(Doc) /usr/local/www/scenix.com/support/bbs/techsupp/000064-000000.msg...
Indexing(Doc) /usr/local/www/scenix.com/support/bbs/techsupp/000065-000063.msg...
Indexing(Doc) /usr/local/www/scenix.com/support/bbs/techsupp/000066-000064.msg...
Indexing(Doc) /usr/local/www/scenix.com/support/bbs/techsupp/000067-000000.msg...
Indexing(Doc) /usr/local/www/scenix.com/support/bbs/techsupp/000068-000067.msg...
Indexing(Doc) /usr/local/www/scenix.com/support/bbs/techsupp/000069-000000.msg...
Indexing(Doc) /usr/local/www/scenix.com/support/bbs/techsupp/000070-000069.msg...
Indexing(Doc) /usr/local/www/scenix.com/support/bbs/techsupp/000071-000000.msg...
Indexing(Doc) /usr/local/www/scenix.com/support/bbs/techsupp/000072-000071.msg...
Indexing(Doc) /usr/local/www/scenix.com/support/bbs/techsupp/000073-000070.msg...
Indexing(Doc) /usr/local/www/scenix.com/support/bbs/techsupp/000074-000000.msg...
Indexing(Doc) /usr/local/www/scenix.com/support/bbs/techsupp/000075-000074.msg...
Indexing(Doc) /usr/local/www/scenix.com/support/bbs/techsupp/000076-000000.msg...
Indexing(Doc) /usr/local/www/scenix.com/support/bbs/techsupp/000077-000076.msg...
Indexing(Doc) /usr/local/www/scenix.com/support/bbs/techsupp/000078-000073.msg...
Indexing(Doc) /usr/local/www/scenix.com/support/bbs/techsupp/000079-000075.msg...
Indexing(Doc) /usr/local/www/scenix.com/support/bbs/techsupp/000080-000077.msg...
Indexing(Doc) /usr/local/www/scenix.com/support/bbs/techsupp/000081-000075.msg...
Indexing(Doc) /usr/local/www/scenix.com/support/bbs/techsupp/000082-000078.msg...
Indexing(Doc) /usr/local/www/scenix.com/support/bbs/techsupp/000083-000000.msg...
Indexing(Doc) /usr/local/www/scenix.com/support/bbs/techsupp/000084-000082.msg...
Indexing(Doc) /usr/local/www/scenix.com/support/bbs/techsupp/000085-000082.msg...
Indexing(Doc) /usr/local/www/scenix.com/support/bbs/Users...
Indexing(Doc) /usr/local/www/scenix.com/support/bbs/Users/user.dat...
Indexing(Doc) /usr/local/www/scenix.com/support/bbs/bbs.setup...
Indexing(Doc) /usr/local/www/scenix.com/support/bbs/bbs_forum.cgi...
Indexing(Doc) /usr/local/www/scenix.com/support/bbs/bbs_html_create_message.pl...
Indexed(Doc) /usr/local/www/scenix.com/support/bbs/bbs_html_create_message.pl
Indexing(Doc) /usr/local/www/scenix.com/support/bbs/bbs_html_error.pl...
Indexed(Doc) /usr/local/www/scenix.com/support/bbs/bbs_html_error.pl
Indexing(Doc) /usr/local/www/scenix.com/support/bbs/bbs_html_forum.pl...
Indexed(Doc) /usr/local/www/scenix.com/support/bbs/bbs_html_forum.pl
Indexing(Doc) /usr/local/www/scenix.com/support/bbs/bbs_html_read_message.pl...
Indexed(Doc) /usr/local/www/scenix.com/support/bbs/bbs_html_read_message.pl
Indexing(Doc) /usr/local/www/scenix.com/support/bbs/index.html...
Indexed(Doc) /usr/local/www/scenix.com/support/bbs/index.html
Indexing(Doc) /usr/local/www/scenix.com/support/manuals...
Indexing(Doc) /usr/local/www/scenix.com/support/manuals/index.html...
Indexed(Doc) /usr/local/www/scenix.com/support/manuals/index.html
Indexing(Doc) /usr/local/www/scenix.com/support/manuals/search...
Indexing(Doc) /usr/local/www/scenix.com/support/manuals/search/results.html...
Indexed(Doc) /usr/local/www/scenix.com/support/manuals/search/results.html
Indexing(Doc) /usr/local/www/scenix.com/support/manuals/search/query.html...
Indexed(Doc) /usr/local/www/scenix.com/support/manuals/search/query.html
Indexing(Doc) /usr/local/www/scenix.com/support/manuals/search/index.html...
Indexed(Doc) /usr/local/www/scenix.com/support/manuals/search/index.html
Indexing(Doc) /usr/local/www/scenix.com/support/faq...
Indexing(Doc) /usr/local/www/scenix.com/support/faq/index.html...
Indexed(Doc) /usr/local/www/scenix.com/support/faq/index.html
Indexing(Doc) /usr/local/www/scenix.com/support/faq/index_73098.html...
Indexed(Doc) /usr/local/www/scenix.com/support/faq/index_73098.html
Indexing(Doc) /usr/local/www/scenix.com/support/errata...
Indexing(Doc) /usr/local/www/scenix.com/support/errata/index.html...
Indexed(Doc) /usr/local/www/scenix.com/support/errata/index.html
Indexing(Doc) /usr/local/www/scenix.com/support/errata/errata2.html...
Indexed(Doc) /usr/local/www/scenix.com/support/errata/errata2.html
Indexing(Doc) /usr/local/www/scenix.com/support/errata/memo_rev.htm...
Indexed(Doc) /usr/local/www/scenix.com/support/errata/memo_rev.htm
Indexing(Doc) /usr/local/www/scenix.com/support/errata/memo_rev.pdf...
/usr/local/www/scenix.com/support/errata/memo_rev.pdf matches regexp \.pdf$ - Excluded.
Indexing(Doc) /usr/local/www/scenix.com/support/errata/memo_rev-2.gif...
/usr/local/www/scenix.com/support/errata/memo_rev-2.gif matches regexp \.gif$ - Excluded.
Indexing(Doc) /usr/local/www/scenix.com/support/errata/memo_rev-3.gif...
/usr/local/www/scenix.com/support/errata/memo_rev-3.gif matches regexp \.gif$ - Excluded.
Indexing(Doc) /usr/local/www/scenix.com/support/errata/memo_rev-1.gif...
/usr/local/www/scenix.com/support/errata/memo_rev-1.gif matches regexp \.gif$ - Excluded.
Indexing(Doc) /usr/local/www/scenix.com/support/box...
Indexing(Doc) /usr/local/www/scenix.com/support/box/index.html...
Indexed(Doc) /usr/local/www/scenix.com/support/box/index.html
Indexing(Doc) /usr/local/www/scenix.com/support/appnotes...
Indexing(Doc) /usr/local/www/scenix.com/support/appnotes/index.html...
Indexed(Doc) /usr/local/www/scenix.com/support/appnotes/index.html
Indexing(Doc) /usr/local/www/scenix.com/support/search...
Indexing(Doc) /usr/local/www/scenix.com/support/search/index.html...
Indexed(Doc) /usr/local/www/scenix.com/support/search/index.html
Indexing(Doc) /usr/local/www/scenix.com/support/search/search.html...
Indexed(Doc) /usr/local/www/scenix.com/support/search/search.html
Indexing(Doc) /usr/local/www/scenix.com/support/search/results.html...
Indexed(Doc) /usr/local/www/scenix.com/support/search/results.html
Indexing(Doc) /usr/local/www/scenix.com/support/links...
Indexing(Doc) /usr/local/www/scenix.com/support/links/index.html...
Indexed(Doc) /usr/local/www/scenix.com/support/links/index.html
Indexing(Doc) /usr/local/www/scenix.com/support/contact...
Indexing(Doc) /usr/local/www/scenix.com/support/contact/index.html...
Indexed(Doc) /usr/local/www/scenix.com/support/contact/index.html
Indexing(Doc) /usr/local/www/scenix.com/support/index.html...
Indexed(Doc) /usr/local/www/scenix.com/support/index.html
Indexing(Doc) /usr/local/www/scenix.com/support/files...
Indexing(Doc) /usr/local/www/scenix.com/support/feedback...
Indexing(Doc) /usr/local/www/scenix.com/support/feedback/index.html...
Indexed(Doc) /usr/local/www/scenix.com/support/feedback/index.html
Indexing(Doc) /usr/local/www/scenix.com/support/hints...
Indexing(Doc) /usr/local/www/scenix.com/support/hints/index.html...
Indexed(Doc) /usr/local/www/scenix.com/support/hints/index.html
Indexing(Doc) /usr/local/www/scenix.com/support/specs...
Indexing(Doc) /usr/local/www/scenix.com/support/specs/index.html...
Indexed(Doc) /usr/local/www/scenix.com/support/specs/index.html
Building index...
Indexed /usr/local/www/scenix.com/support/training/index.html, 15081 bytes, 139 terms
Indexed /usr/local/www/scenix.com/support/bbs/new.index.html, 14460 bytes, 120 terms
Indexed /usr/local/www/scenix.com/support/bbs/Library/auth-extra-html.pl, 10546 bytes, 588 terms
Indexed /usr/local/www/scenix.com/support/bbs/Library/auth-lib-fail-html.pl, 1000 bytes, 15 terms
Indexed /usr/local/www/scenix.com/support/bbs/bbs_html_create_message.pl, 1970 bytes, 40 terms
Indexed /usr/local/www/scenix.com/support/bbs/bbs_html_error.pl, 661 bytes, 11 terms
Indexed /usr/local/www/scenix.com/support/bbs/bbs_html_forum.pl, 15309 bytes, 137 terms
Indexed /usr/local/www/scenix.com/support/bbs/bbs_html_read_message.pl, 1686 bytes, 33 terms
Indexed /usr/local/www/scenix.com/support/bbs/index.html, 16935 bytes, 302 terms
Indexed /usr/local/www/scenix.com/support/manuals/index.html, 15010 bytes, 131 terms
Indexed /usr/local/www/scenix.com/support/manuals/search/results.html, 14447 bytes, 118 terms
Indexed /usr/local/www/scenix.com/support/manuals/search/query.html, 14447 bytes, 118 terms
Indexed /usr/local/www/scenix.com/support/manuals/search/index.html, 14920 bytes, 128 terms
Indexed /usr/local/www/scenix.com/support/faq/index.html, 16840 bytes, 373 terms
Indexed /usr/local/www/scenix.com/support/faq/index_73098.html, 14460 bytes, 120 terms
Indexed /usr/local/www/scenix.com/support/errata/index.html, 19516 bytes, 488 terms
Indexed /usr/local/www/scenix.com/support/errata/errata2.html, 21622 bytes, 675 terms
Indexed /usr/local/www/scenix.com/support/errata/memo_rev.htm, 11197 bytes, 363 terms
Indexed /usr/local/www/scenix.com/support/box/index.html, 17085 bytes, 147 terms
Indexed /usr/local/www/scenix.com/support/appnotes/index.html, 23060 bytes, 589 terms
Indexed /usr/local/www/scenix.com/support/search/index.html, 14901 bytes, 129 terms
Indexed /usr/local/www/scenix.com/support/search/search.html, 14454 bytes, 119 terms
Indexed /usr/local/www/scenix.com/support/search/results.html, 14454 bytes, 119 terms
Indexed /usr/local/www/scenix.com/support/links/index.html, 15056 bytes, 158 terms
Indexed /usr/local/www/scenix.com/support/contact/index.html, 14615 bytes, 127 terms
Indexed /usr/local/www/scenix.com/support/index.html, 15321 bytes, 141 terms
Indexed /usr/local/www/scenix.com/support/feedback/index.html, 15794 bytes, 126 terms
Indexed /usr/local/www/scenix.com/support/hints/index.html, 15027 bytes, 169 terms
Indexed /usr/local/www/scenix.com/support/specs/index.html, 15410 bytes, 181 terms
Removing tempfiles: rm -f /usr/local/www/scenix.com/ews4sxs2/collections/new/support.tmp*

Building fast field index...
Building unstemming table...
--------------------------------
Indexing Completed.  Total Docs: 29, Total Size: 386K
Elapsed time: 391 secs, 413 msecs

