99.02.03 17:17 B D:\ews4sxs2\collections\AT-manual.err <-- scenix.com /usr/local/www/scenix.com/ews4sxs2/collections AT-manual.err
99.02.03 17:17 B D:\ews4sxs2\collections\AT-manual.log <-- scenix.com /usr/local/www/scenix.com/ews4sxs2/collections AT-manual.log
99.02.03 17:17 B D:\ews4sxs2\collections\AT-manual.prog <-- scenix.com /usr/local/www/scenix.com/ews4sxs2/collections AT-manual.prog
99.02.03 17:17 B D:\ews4sxs2\collections\AT-support.err <-- scenix.com /usr/local/www/scenix.com/ews4sxs2/collections AT-support.err
99.02.03 17:17 B D:\ews4sxs2\collections\AT-support.log <-- scenix.com /usr/local/www/scenix.com/ews4sxs2/collections AT-support.log
99.02.03 17:17 B D:\ews4sxs2\collections\AT-support.prog <-- scenix.com /usr/local/www/scenix.com/ews4sxs2/collections AT-support.prog
99.02.03 17:17 B D:\ews4sxs2\collections\AT-vp.err <-- scenix.com /usr/local/www/scenix.com/ews4sxs2/collections AT-vp.err
99.02.03 17:17 B D:\ews4sxs2\collections\AT-vp.log <-- scenix.com /usr/local/www/scenix.com/ews4sxs2/collections AT-vp.log
99.02.03 17:17 B D:\ews4sxs2\collections\AT-vp.prog <-- scenix.com /usr/local/www/scenix.com/ews4sxs2/collections AT-vp.prog
99.02.03 17:17 B D:\ews4sxs2\collections\AT-web.err <-- scenix.com /usr/local/www/scenix.com/ews4sxs2/collections AT-web.err
99.02.03 17:18 B D:\ews4sxs2\collections\AT-web.log <-- scenix.com /usr/local/www/scenix.com/ews4sxs2/collections AT-web.log
99.02.03 17:18 B D:\ews4sxs2\collections\AT-web.prog <-- scenix.com /usr/local/www/scenix.com/ews4sxs2/collections AT-web.prog
99.02.03 17:18 B D:\ews4sxs2\collections\manual.cf <-- scenix.com /usr/local/www/scenix.com/ews4sxs2/collections manual.cf
99.02.03 17:18 B D:\ews4sxs2\collections\manual.conf <-- scenix.com /usr/local/www/scenix.com/ews4sxs2/collections manual.conf
99.02.03 17:18 B D:\ews4sxs2\collections\manual.dat <-- scenix.com /usr/local/www/scenix.com/ews4sxs2/collections manual.dat
99.02.03 17:18 B D:\ews4sxs2\collections\manual.dir <-- scenix.com /usr/local/www/scenix.com/ews4sxs2/collections manual.dir
99.02.03 17:18 B D:\ews4sxs2\collections\manual.excl <-- scenix.com /usr/local/www/scenix.com/ews4sxs2/collections manual.excl
99.02.03 17:18 B D:\ews4sxs2\collections\manual.fdat <-- scenix.com /usr/local/www/scenix.com/ews4sxs2/collections manual.fdat
99.02.03 17:18 B D:\ews4sxs2\collections\manual.fidx <-- scenix.com /usr/local/www/scenix.com/ews4sxs2/collections manual.fidx
99.02.03 17:18 B D:\ews4sxs2\collections\manual.fnam <-- scenix.com /usr/local/www/scenix.com/ews4sxs2/collections manual.fnam
99.02.03 17:18 B D:\ews4sxs2\collections\manual.idf <-- scenix.com /usr/local/www/scenix.com/ews4sxs2/collections manual.idf
99.02.03 17:18 B D:\ews4sxs2\collections\manual.idx <-- scenix.com /usr/local/www/scenix.com/ews4sxs2/collections manual.idx
99.02.03 17:18 B D:\ews4sxs2\collections\manual.info <-- scenix.com /usr/local/www/scenix.com/ews4sxs2/collections manual.info
99.02.03 17:18 B D:\ews4sxs2\collections\manual.key <-- scenix.com /usr/local/www/scenix.com/ews4sxs2/collections manual.key
99.02.03 17:18 B D:\ews4sxs2\collections\manual.last <-- scenix.com /usr/local/www/scenix.com/ews4sxs2/collections manual.last
99.02.03 17:18 B D:\ews4sxs2\collections\manual.lpt <-- scenix.com /usr/local/www/scenix.com/ews4sxs2/collections manual.lpt
99.02.03 17:18 B D:\ews4sxs2\collections\manual.lst <-- scenix.com /usr/local/www/scenix.com/ews4sxs2/collections manual.lst
99.02.03 17:18 B D:\ews4sxs2\collections\manual.norm <-- scenix.com /usr/local/www/scenix.com/ews4sxs2/collections manual.norm
99.02.03 17:18 B D:\ews4sxs2\collections\manual.norm.raw <-- scenix.com /usr/local/www/scenix.com/ews4sxs2/collections manual.norm.raw
99.02.03 17:18 B D:\ews4sxs2\collections\manual.ptr <-- scenix.com /usr/local/www/scenix.com/ews4sxs2/collections manual.ptr
99.02.03 17:18 B D:\ews4sxs2\collections\manual.size <-- scenix.com /usr/local/www/scenix.com/ews4sxs2/collections manual.size
99.02.03 17:18 B D:\ews4sxs2\collections\manual.sum <-- scenix.com /usr/local/www/scenix.com/ews4sxs2/collections manual.sum
99.02.03 17:18 B D:\ews4sxs2\collections\manual.trp <-- scenix.com /usr/local/www/scenix.com/ews4sxs2/collections manual.trp
99.02.03 17:18 B D:\ews4sxs2\collections\manual.unstem <-- scenix.com /usr/local/www/scenix.com/ews4sxs2/collections manual.unstem
99.02.03 17:18 B D:\ews4sxs2\collections\manual.ver <-- scenix.com /usr/local/www/scenix.com/ews4sxs2/collections manual.ver
99.02.03 17:18 B D:\ews4sxs2\collections\manual_one.idx <-- scenix.com /usr/local/www/scenix.com/ews4sxs2/collections manual_one.idx
99.02.03 17:18 B D:\ews4sxs2\collections\support.cf <-- scenix.com /usr/local/www/scenix.com/ews4sxs2/collections support.cf
99.02.03 17:18 B D:\ews4sxs2\collections\support.conf <-- scenix.com /usr/local/www/scenix.com/ews4sxs2/collections support.conf
99.02.03 17:18 B D:\ews4sxs2\collections\support.dat <-- scenix.com /usr/local/www/scenix.com/ews4sxs2/collections support.dat
99.02.03 17:18 B D:\ews4sxs2\collections\support.dir <-- scenix.com /usr/local/www/scenix.com/ews4sxs2/collections support.dir
99.02.03 17:18 B D:\ews4sxs2\collections\support.excl <-- scenix.com /usr/local/www/scenix.com/ews4sxs2/collections support.excl
99.02.03 17:18 B D:\ews4sxs2\collections\support.fdat <-- scenix.com /usr/local/www/scenix.com/ews4sxs2/collections support.fdat
99.02.03 17:18 B D:\ews4sxs2\collections\support.fidx <-- scenix.com /usr/local/www/scenix.com/ews4sxs2/collections support.fidx
99.02.03 17:18 B D:\ews4sxs2\collections\support.fnam <-- scenix.com /usr/local/www/scenix.com/ews4sxs2/collections support.fnam
99.02.03 17:18 B D:\ews4sxs2\collections\support.idf <-- scenix.com /usr/local/www/scenix.com/ews4sxs2/collections support.idf
99.02.03 17:18 B D:\ews4sxs2\collections\support.idx <-- scenix.com /usr/local/www/scenix.com/ews4sxs2/collections support.idx
99.02.03 17:18 B D:\ews4sxs2\collections\support.info <-- scenix.com /usr/local/www/scenix.com/ews4sxs2/collections support.info
99.02.03 17:18 B D:\ews4sxs2\collections\support.key <-- scenix.com /usr/local/www/scenix.com/ews4sxs2/collections support.key
99.02.03 17:18 B D:\ews4sxs2\collections\support.last <-- scenix.com /usr/local/www/scenix.com/ews4sxs2/collections support.last
99.02.03 17:18 B D:\ews4sxs2\collections\support.lpt <-- scenix.com /usr/local/www/scenix.com/ews4sxs2/collections support.lpt
99.02.03 17:18 B D:\ews4sxs2\collections\support.lst <-- scenix.com /usr/local/www/scenix.com/ews4sxs2/collections support.lst
99.02.03 17:18 B D:\ews4sxs2\collections\support.norm <-- scenix.com /usr/local/www/scenix.com/ews4sxs2/collections support.norm
99.02.03 17:18 B D:\ews4sxs2\collections\support.norm.raw <-- scenix.com /usr/local/www/scenix.com/ews4sxs2/collections support.norm.raw
99.02.03 17:18 B D:\ews4sxs2\collections\support.ptr <-- scenix.com /usr/local/www/scenix.com/ews4sxs2/collections support.ptr
99.02.03 17:18 B D:\ews4sxs2\collections\support.size <-- scenix.com /usr/local/www/scenix.com/ews4sxs2/collections support.size
99.02.03 17:18 B D:\ews4sxs2\collections\support.sum <-- scenix.com /usr/local/www/scenix.com/ews4sxs2/collections support.sum
99.02.03 17:18 B D:\ews4sxs2\collections\support.trp <-- scenix.com /usr/local/www/scenix.com/ews4sxs2/collections support.trp
99.02.03 17:18 B D:\ews4sxs2\collections\support.unstem <-- scenix.com /usr/local/www/scenix.com/ews4sxs2/collections support.unstem
99.02.03 17:18 B D:\ews4sxs2\collections\support.ver <-- scenix.com /usr/local/www/scenix.com/ews4sxs2/collections support.ver
99.02.03 17:18 B D:\ews4sxs2\collections\support_one.idx <-- scenix.com /usr/local/www/scenix.com/ews4sxs2/collections support_one.idx
99.02.03 17:18 B D:\ews4sxs2\collections\vp.cf <-- scenix.com /usr/local/www/scenix.com/ews4sxs2/collections vp.cf
99.02.03 17:18 B D:\ews4sxs2\collections\vp.conf <-- scenix.com /usr/local/www/scenix.com/ews4sxs2/collections vp.conf
99.02.03 17:18 B D:\ews4sxs2\collections\vp.dat <-- scenix.com /usr/local/www/scenix.com/ews4sxs2/collections vp.dat
99.02.03 17:18 B D:\ews4sxs2\collections\vp.dir <-- scenix.com /usr/local/www/scenix.com/ews4sxs2/collections vp.dir
99.02.03 17:18 B D:\ews4sxs2\collections\vp.excl <-- scenix.com /usr/local/www/scenix.com/ews4sxs2/collections vp.excl
99.02.03 17:18 B D:\ews4sxs2\collections\vp.fdat <-- scenix.com /usr/local/www/scenix.com/ews4sxs2/collections vp.fdat
99.02.03 17:18 B D:\ews4sxs2\collections\vp.fidx <-- scenix.com /usr/local/www/scenix.com/ews4sxs2/collections vp.fidx
99.02.03 17:18 B D:\ews4sxs2\collections\vp.fnam <-- scenix.com /usr/local/www/scenix.com/ews4sxs2/collections vp.fnam
99.02.03 17:18 B D:\ews4sxs2\collections\vp.idf <-- scenix.com /usr/local/www/scenix.com/ews4sxs2/collections vp.idf
99.02.03 17:18 B D:\ews4sxs2\collections\vp.idx <-- scenix.com /usr/local/www/scenix.com/ews4sxs2/collections vp.idx
99.02.03 17:18 B D:\ews4sxs2\collections\vp.info <-- scenix.com /usr/local/www/scenix.com/ews4sxs2/collections vp.info
99.02.03 17:18 B D:\ews4sxs2\collections\vp.key <-- scenix.com /usr/local/www/scenix.com/ews4sxs2/collections vp.key
99.02.03 17:18 B D:\ews4sxs2\collections\vp.last <-- scenix.com /usr/local/www/scenix.com/ews4sxs2/collections vp.last
99.02.03 17:18 B D:\ews4sxs2\collections\vp.lpt <-- scenix.com /usr/local/www/scenix.com/ews4sxs2/collections vp.lpt
99.02.03 17:18 B D:\ews4sxs2\collections\vp.lst <-- scenix.com /usr/local/www/scenix.com/ews4sxs2/collections vp.lst
99.02.03 17:18 B D:\ews4sxs2\collections\vp.norm <-- scenix.com /usr/local/www/scenix.com/ews4sxs2/collections vp.norm
99.02.03 17:18 B D:\ews4sxs2\collections\vp.norm.raw <-- scenix.com /usr/local/www/scenix.com/ews4sxs2/collections vp.norm.raw
99.02.03 17:18 B D:\ews4sxs2\collections\vp.ptr <-- scenix.com /usr/local/www/scenix.com/ews4sxs2/collections vp.ptr
99.02.03 17:18 B D:\ews4sxs2\collections\vp.size <-- scenix.com /usr/local/www/scenix.com/ews4sxs2/collections vp.size
99.02.03 17:18 B D:\ews4sxs2\collections\vp.sum <-- scenix.com /usr/local/www/scenix.com/ews4sxs2/collections vp.sum
99.02.03 17:18 B D:\ews4sxs2\collections\vp.trp <-- scenix.com /usr/local/www/scenix.com/ews4sxs2/collections vp.trp
99.02.03 17:18 B D:\ews4sxs2\collections\vp.unstem <-- scenix.com /usr/local/www/scenix.com/ews4sxs2/collections vp.unstem
99.02.03 17:18 B D:\ews4sxs2\collections\vp.ver <-- scenix.com /usr/local/www/scenix.com/ews4sxs2/collections vp.ver
99.02.03 17:18 B D:\ews4sxs2\collections\vp_one.idx <-- scenix.com /usr/local/www/scenix.com/ews4sxs2/collections vp_one.idx
99.02.03 17:18 B D:\ews4sxs2\collections\web.cf <-- scenix.com /usr/local/www/scenix.com/ews4sxs2/collections web.cf
99.02.03 17:18 B D:\ews4sxs2\collections\web.conf <-- scenix.com /usr/local/www/scenix.com/ews4sxs2/collections web.conf
99.02.03 17:18 B D:\ews4sxs2\collections\web.dat <-- scenix.com /usr/local/www/scenix.com/ews4sxs2/collections web.dat
99.02.03 17:18 B D:\ews4sxs2\collections\web.dir <-- scenix.com /usr/local/www/scenix.com/ews4sxs2/collections web.dir
99.02.03 17:18 B D:\ews4sxs2\collections\web.excl <-- scenix.com /usr/local/www/scenix.com/ews4sxs2/collections web.excl
99.02.03 17:18 B D:\ews4sxs2\collections\web.fdat <-- scenix.com /usr/local/www/scenix.com/ews4sxs2/collections web.fdat
99.02.03 17:18 B D:\ews4sxs2\collections\web.fidx <-- scenix.com /usr/local/www/scenix.com/ews4sxs2/collections web.fidx
99.02.03 17:18 B D:\ews4sxs2\collections\web.fnam <-- scenix.com /usr/local/www/scenix.com/ews4sxs2/collections web.fnam
99.02.03 17:18 B D:\ews4sxs2\collections\web.idf <-- scenix.com /usr/local/www/scenix.com/ews4sxs2/collections web.idf
99.02.03 17:18 B D:\ews4sxs2\collections\web.idx <-- scenix.com /usr/local/www/scenix.com/ews4sxs2/collections web.idx
99.02.03 17:18 B D:\ews4sxs2\collections\web.info <-- scenix.com /usr/local/www/scenix.com/ews4sxs2/collections web.info
99.02.03 17:18 B D:\ews4sxs2\collections\web.key <-- scenix.com /usr/local/www/scenix.com/ews4sxs2/collections web.key
99.02.03 17:18 B D:\ews4sxs2\collections\web.last <-- scenix.com /usr/local/www/scenix.com/ews4sxs2/collections web.last
99.02.03 17:18 B D:\ews4sxs2\collections\web.lpt <-- scenix.com /usr/local/www/scenix.com/ews4sxs2/collections web.lpt
99.02.03 17:18 B D:\ews4sxs2\collections\web.lst <-- scenix.com /usr/local/www/scenix.com/ews4sxs2/collections web.lst
99.02.03 17:18 B D:\ews4sxs2\collections\web.norm <-- scenix.com /usr/local/www/scenix.com/ews4sxs2/collections web.norm
99.02.03 17:18 B D:\ews4sxs2\collections\web.norm.raw <-- scenix.com /usr/local/www/scenix.com/ews4sxs2/collections web.norm.raw
99.02.03 17:18 B D:\ews4sxs2\collections\web.ptr <-- scenix.com /usr/local/www/scenix.com/ews4sxs2/collections web.ptr
99.02.03 17:18 B D:\ews4sxs2\collections\web.size <-- scenix.com /usr/local/www/scenix.com/ews4sxs2/collections web.size
99.02.03 17:18 B D:\ews4sxs2\collections\web.sum <-- scenix.com /usr/local/www/scenix.com/ews4sxs2/collections web.sum
99.02.03 17:18 B D:\ews4sxs2\collections\web.trp <-- scenix.com /usr/local/www/scenix.com/ews4sxs2/collections web.trp
99.02.03 17:18 B D:\ews4sxs2\collections\web.unstem <-- scenix.com /usr/local/www/scenix.com/ews4sxs2/collections web.unstem
99.02.03 17:18 B D:\ews4sxs2\collections\web.ver <-- scenix.com /usr/local/www/scenix.com/ews4sxs2/collections web.ver
99.02.03 17:18 B D:\ews4sxs2\collections\web_one.idx <-- scenix.com /usr/local/www/scenix.com/ews4sxs2/collections web_one.idx
