16c5x/xx Cross-Assembler V4.14 Released  Sun Dec 08 10:25:01 1996  Page 1

Line   PC    Opcode

0001                       LIST P=16C84,E=2
0002               ;CONST
0003         0001  RTCC		EQU	01h
0004         000B  INTCON		EQU	0Bh
0005         0003  STATUS		EQU	03h
0006         0001  OPTN		EQU	01h	;(81h)
0007         0005  TRISA		EQU	05h	;(85h)
0008         0006  TRISB		EQU	06h	;(86h)
0009         0008  EECON1		EQU	08h	;(88h)
0010         0009  EECON2		EQU	09h	;(89h)
0011         0009  EEADR		EQU	09h
0012         0008  EEDATA		EQU	08h
0013               
0014         0005  PORTA		EQU	05h
0015         0006  PORTB		EQU	06h
0016               
0017               ;RAM
0018         000E  FLAGS	        EQU     0Eh
0019         0000  KEYFL		EQU	0	;BITS
0020         0001  KEYFL1		EQU	1	;
0021         0002  ALERT		EQU	2	;IF ALERT=1 THEN SIGNALIZATION ACTIVAITED
0022         0003  EEPROG		EQU	3	;MODE OF WRITE NEW COD
0023         0004  KEYERR		EQU	4	;IF 1 THEN PRESS ERROR KEY
0024         0005  ALERTF		EQU	5	;WAIT FOR ACTIVAITED ALERT (FIRST WDT)
0025               
0026         000F  SCAN	        EQU     0Fh
0027         0010  SCAN1	        EQU     10h
0028         0011  SCANCNT         EQU     11h
0029         0012  TMRH		EQU	12h     ;HIGH BYIT TIMER
0030         0013  TMRL		EQU	13h	;LOW  BYIT TIMER
0031               
0032         0014  KEYTMR		EQU	14h
0033         0015  KEYTMR1		EQU	15h
0034         0016  KEYCNT		EQU	16h	;QWANTITI OF PRESS KEY
0035         0017  DAT		EQU	17h	;DATA FOR EEPROM
0036         0018  ADDR		EQU	18h	;ADRESS	FOR EEPROM
0037               	
0038               
0039               	
0040         0000          ORG	0h
0041   0000  2817  	GOTO	MAIN
0042   0001  0000  	NOP
0043   0002  0000  	NOP
0044   0003  0000  	NOP
0045   0004  0000  	NOP
0046   0005  0000  	NOP
0047   0006  0000  	NOP
0048               
0049   0007  3000  TMRINT	MOVLW	B'00000000'
0050   0008  008B  	MOVWF	INTCON
0051   0009  3040  	MOVLW	40H
16c5x/xx Cross-Assembler V4.14 Released  Sun Dec 08 10:25:01 1996  Page 2

Line   PC    Opcode

0052   000A  0081  	MOVWF	RTCC
0053               
0054   000B  0064  	CLRWDT
0055   000C  1683  	BSF	STATUS,5
0056   000D  3087  	MOVLW	B'10000111'
0057   000E  0081  	MOVWF	OPTN
0058   000F  1283  	BCF	STATUS,5
0059   0010  0064  	CLRWDT
0060   0011  0181  	CLRF	RTCC
0061   0012  1683  	BSF	STATUS,5
0062   0013  3087  	MOVLW	B'10000111'
0063   0014  0081  	MOVWF	OPTN
0064   0015  1283  	BCF	STATUS,5
0065               	
0066               ;	MOVLW	1
0067               ;	ADDWF	TMRL,1
0068               ;	BTFSC	STATUS,0
0069               ;	INCF	TMRH
0070   0016  0A93  	INCF	TMRL
0071               	RETEIF
0072               
0073   0017  3000  MAIN	MOVLW	0h
0074   0018  0066  	TRIS	PORTB
0075   0019  0065  	TRIS	PORTA
0076   001A  0186  	CLRF	PORTB
0077   001B  0185  	CLRF	PORTA
0078   001C  1A03  	BTFSC	STATUS,4
0079   001D  1405  	BSF	PORTA,0
0080   001E  0064  	CLRWDT
0081   001F  1683  	BSF	STATUS,5
0082   0020  308F  	MOVLW	B'10001111'
0083   0021  0081  	MOVWF	OPTN
0084   0022  1283  	BCF	STATUS,5
0085   0023  0181  	CLRF	RTCC
0086   0024  30A0  	MOVLW	B'10100000'
0087   0025  008B  	MOVWF	INTCON
0088               
0089               
0090   0026  0813  WAIT	MOVFW	TMRL
0091   0027  0086  	MOVWF	PORTB
0092   0028  0064  	CLRWDT
0093   0029  168B  	BSF	INTCON,5
0094   002A  2826  	GOTO	WAIT	
0095               
16c5x/xx Cross-Assembler V4.14 Released  Sun Dec 08 10:25:01 1996  Page 3



Cross-Reference Listing
LABEL        VALUE        DEFN        REFERENCES
ADDR         24           36          36     
ALERT        2            21          21     
ALERTF       5            24          24     
DAT          23           35          35     
EEADR        9            11          11     
EECON1       8            9           9      
EECON2       9            10          10     
EEDATA       8            12          12     
EEPROG       3            22          22     
FLAGS        14           18          18     
INTCON       11           4           4      50     87     93     
KEYCNT       22           34          34     
KEYERR       4            23          23     
KEYFL        0            19          19     
KEYFL1       1            20          20     
KEYTMR       20           32          32     
KEYTMR1      21           33          33     
MAIN         23           73          41     73     
OPTN         1            6           6      57     63     83     
PORTA        5            14          14     75     77     79     
PORTB        6            15          15     74     76     91     
RETEIF       23           71          71     
RTCC         1            3           3      52     60     85     
SCAN         15           26          26     
SCAN1        16           27          27     
SCANCNT      17           28          28     
STATUS       3            5           5      55     58     61     64     78     
                                      81     84     
TMRH         18           29          29     
TMRINT       7            49          49     
TMRL         19           30          30     70     90     
TRISA        5            7           7      
TRISB        6            8           8      
WAIT         38           90          90     94     
